This is pdfTeX, Version 3.14159265-2.6-1.40.16 (TeX Live 2015/Debian) (preloaded format=pdflatex 2018.7.27)  8 AUG 2018 21:19
entering extended mode
 restricted \write18 enabled.
 %&-line parsing enabled.
**pdbp.tex
(./pdbp.tex
LaTeX2e <2016/02/01>
Babel <3.9q> and hyphenation patterns for 3 language(s) loaded.
(/usr/share/texlive/texmf-dist/tex/latex/beamer/beamer.cls
(/usr/share/texlive/texmf-dist/tex/latex/beamer/beamerbasercs.sty
Package: beamerbasercs 2015/03/08 (rcs-revision 368aa9ba9d38)
)
Document Class: beamer 2015/01/05 3.36 A class for typesetting presentations (r
cs-revision 8a39122e1f63)
(/usr/share/texlive/texmf-dist/tex/latex/beamer/beamerbasemodes.sty
Package: beamerbasemodes 2013/09/03 (rcs-revision 768f2d98ca64)
\beamer@tempbox=\box26
\beamer@tempcount=\count79
\c@beamerpauses=\count80

(/usr/share/texlive/texmf-dist/tex/latex/beamer/beamerbasedecode.sty
Package: beamerbasedecode 2010/05/01 (rcs-revision efa082c6111d)
\beamer@slideinframe=\count81
\beamer@minimum=\count82
)
\beamer@commentbox=\box27
\beamer@modecount=\count83
)
(/usr/share/texlive/texmf-dist/tex/generic/oberdiek/ifpdf.sty
Package: ifpdf 2011/01/30 v2.3 Provides the ifpdf switch (HO)
Package ifpdf Info: pdfTeX in PDF mode is detected.
)
\headheight=\dimen102
\headdp=\dimen103
\footheight=\dimen104
\sidebarheight=\dimen105
\beamer@tempdim=\dimen106
\beamer@finalheight=\dimen107
\beamer@animht=\dimen108
\beamer@animdp=\dimen109
\beamer@animwd=\dimen110
\beamer@leftmargin=\dimen111
\beamer@rightmargin=\dimen112
\beamer@leftsidebar=\dimen113
\beamer@rightsidebar=\dimen114
\beamer@boxsize=\dimen115
\beamer@vboxoffset=\dimen116
\beamer@descdefault=\dimen117
\beamer@descriptionwidth=\dimen118
\beamer@lastskip=\skip41
\beamer@areabox=\box28
\beamer@animcurrent=\box29
\beamer@animshowbox=\box30
\beamer@sectionbox=\box31
\beamer@logobox=\box32
\beamer@linebox=\box33
\beamer@sectioncount=\count84
\beamer@subsubsectionmax=\count85
\beamer@subsectionmax=\count86
\beamer@sectionmax=\count87
\beamer@totalheads=\count88
\beamer@headcounter=\count89
\beamer@partstartpage=\count90
\beamer@sectionstartpage=\count91
\beamer@subsectionstartpage=\count92
\beamer@animationtempa=\count93
\beamer@animationtempb=\count94
\beamer@xpos=\count95
\beamer@ypos=\count96
\beamer@showpartnumber=\count97
\beamer@currentsubsection=\count98
\beamer@coveringdepth=\count99
\beamer@sectionadjust=\count100
\beamer@tocsectionnumber=\count101

(/usr/share/texlive/texmf-dist/tex/latex/beamer/beamerbaseoptions.sty
Package: beamerbaseoptions 2013/03/10 (rcs-revision 47431932db0d)

(/usr/share/texlive/texmf-dist/tex/latex/graphics/keyval.sty
Package: keyval 2014/10/28 v1.15 key=value parser (DPC)
\KV@toks@=\toks14
))
\beamer@paperwidth=\skip42
\beamer@paperheight=\skip43

(/usr/share/texlive/texmf-dist/tex/latex/geometry/geometry.sty
Package: geometry 2010/09/12 v5.6 Page Geometry

(/usr/share/texlive/texmf-dist/tex/generic/oberdiek/ifvtex.sty
Package: ifvtex 2010/03/01 v1.5 Detect VTeX and its facilities (HO)
Package ifvtex Info: VTeX not detected.
)
(/usr/share/texlive/texmf-dist/tex/generic/ifxetex/ifxetex.sty
Package: ifxetex 2010/09/12 v0.6 Provides ifxetex conditional
)
\Gm@cnth=\count102
\Gm@cntv=\count103
\c@Gm@tempcnt=\count104
\Gm@bindingoffset=\dimen119
\Gm@wd@mp=\dimen120
\Gm@odd@mp=\dimen121
\Gm@even@mp=\dimen122
\Gm@layoutwidth=\dimen123
\Gm@layoutheight=\dimen124
\Gm@layouthoffset=\dimen125
\Gm@layoutvoffset=\dimen126
\Gm@dimlist=\toks15
)
(/usr/share/texlive/texmf-dist/tex/latex/base/size11.clo
File: size11.clo 2014/09/29 v1.4h Standard LaTeX file (size option)
)
(/usr/share/texlive/texmf-dist/tex/latex/pgf/basiclayer/pgfcore.sty
(/usr/share/texlive/texmf-dist/tex/latex/graphics/graphicx.sty
Package: graphicx 2014/10/28 v1.0g Enhanced LaTeX Graphics (DPC,SPQR)

(/usr/share/texlive/texmf-dist/tex/latex/graphics/graphics.sty
Package: graphics 2016/01/03 v1.0q Standard LaTeX Graphics (DPC,SPQR)

(/usr/share/texlive/texmf-dist/tex/latex/graphics/trig.sty
Package: trig 2016/01/03 v1.10 sin cos tan (DPC)
)
(/usr/share/texlive/texmf-dist/tex/latex/latexconfig/graphics.cfg
File: graphics.cfg 2010/04/23 v1.9 graphics configuration of TeX Live
)
Package graphics Info: Driver file: pdftex.def on input line 95.

(/usr/share/texlive/texmf-dist/tex/latex/pdftex-def/pdftex.def
File: pdftex.def 2011/05/27 v0.06d Graphics/color for pdfTeX

(/usr/share/texlive/texmf-dist/tex/generic/oberdiek/infwarerr.sty
Package: infwarerr 2010/04/08 v1.3 Providing info/warning/error messages (HO)
)
(/usr/share/texlive/texmf-dist/tex/generic/oberdiek/ltxcmds.sty
Package: ltxcmds 2011/11/09 v1.22 LaTeX kernel commands for general use (HO)
)
\Gread@gobject=\count105
))
\Gin@req@height=\dimen127
\Gin@req@width=\dimen128
)
(/usr/share/texlive/texmf-dist/tex/latex/pgf/systemlayer/pgfsys.sty
(/usr/share/texlive/texmf-dist/tex/latex/pgf/utilities/pgfrcs.sty
(/usr/share/texlive/texmf-dist/tex/generic/pgf/utilities/pgfutil-common.tex
\pgfutil@everybye=\toks16
\pgfutil@tempdima=\dimen129
\pgfutil@tempdimb=\dimen130

(/usr/share/texlive/texmf-dist/tex/generic/pgf/utilities/pgfutil-common-lists.t
ex)) (/usr/share/texlive/texmf-dist/tex/generic/pgf/utilities/pgfutil-latex.def
\pgfutil@abb=\box34
(/usr/share/texlive/texmf-dist/tex/latex/ms/everyshi.sty
Package: everyshi 2001/05/15 v3.00 EveryShipout Package (MS)
))
(/usr/share/texlive/texmf-dist/tex/generic/pgf/utilities/pgfrcs.code.tex
Package: pgfrcs 2015/08/07 v3.0.1a (rcs-revision 1.31)
))
(/usr/share/texlive/texmf-dist/tex/generic/pgf/systemlayer/pgfsys.code.tex
Package: pgfsys 2014/07/09 v3.0.1a (rcs-revision 1.48)

(/usr/share/texlive/texmf-dist/tex/generic/pgf/utilities/pgfkeys.code.tex
\pgfkeys@pathtoks=\toks17
\pgfkeys@temptoks=\toks18

(/usr/share/texlive/texmf-dist/tex/generic/pgf/utilities/pgfkeysfiltered.code.t
ex
\pgfkeys@tmptoks=\toks19
))
\pgf@x=\dimen131
\pgf@y=\dimen132
\pgf@xa=\dimen133
\pgf@ya=\dimen134
\pgf@xb=\dimen135
\pgf@yb=\dimen136
\pgf@xc=\dimen137
\pgf@yc=\dimen138
\w@pgf@writea=\write3
\r@pgf@reada=\read1
\c@pgf@counta=\count106
\c@pgf@countb=\count107
\c@pgf@countc=\count108
\c@pgf@countd=\count109
\t@pgf@toka=\toks20
\t@pgf@tokb=\toks21
\t@pgf@tokc=\toks22
 (/usr/share/texlive/texmf-dist/tex/generic/pgf/systemlayer/pgf.cfg
File: pgf.cfg 2008/05/14  (rcs-revision 1.7)
)
Driver file for pgf: pgfsys-pdftex.def

(/usr/share/texlive/texmf-dist/tex/generic/pgf/systemlayer/pgfsys-pdftex.def
File: pgfsys-pdftex.def 2014/10/11  (rcs-revision 1.35)

(/usr/share/texlive/texmf-dist/tex/generic/pgf/systemlayer/pgfsys-common-pdf.de
f
File: pgfsys-common-pdf.def 2013/10/10  (rcs-revision 1.13)
)))
(/usr/share/texlive/texmf-dist/tex/generic/pgf/systemlayer/pgfsyssoftpath.code.
tex
File: pgfsyssoftpath.code.tex 2013/09/09  (rcs-revision 1.9)
\pgfsyssoftpath@smallbuffer@items=\count110
\pgfsyssoftpath@bigbuffer@items=\count111
)
(/usr/share/texlive/texmf-dist/tex/generic/pgf/systemlayer/pgfsysprotocol.code.
tex
File: pgfsysprotocol.code.tex 2006/10/16  (rcs-revision 1.4)
)) (/usr/share/texlive/texmf-dist/tex/latex/xcolor/xcolor.sty
Package: xcolor 2007/01/21 v2.11 LaTeX color extensions (UK)

(/usr/share/texlive/texmf-dist/tex/latex/latexconfig/color.cfg
File: color.cfg 2007/01/18 v1.5 color configuration of teTeX/TeXLive
)
Package xcolor Info: Driver file: pdftex.def on input line 225.
Package xcolor Info: Model `cmy' substituted by `cmy0' on input line 1337.
Package xcolor Info: Model `hsb' substituted by `rgb' on input line 1341.
Package xcolor Info: Model `RGB' extended on input line 1353.
Package xcolor Info: Model `HTML' substituted by `rgb' on input line 1355.
Package xcolor Info: Model `Hsb' substituted by `hsb' on input line 1356.
Package xcolor Info: Model `tHsb' substituted by `hsb' on input line 1357.
Package xcolor Info: Model `HSB' substituted by `hsb' on input line 1358.
Package xcolor Info: Model `Gray' substituted by `gray' on input line 1359.
Package xcolor Info: Model `wave' substituted by `hsb' on input line 1360.
)
(/usr/share/texlive/texmf-dist/tex/generic/pgf/basiclayer/pgfcore.code.tex
Package: pgfcore 2010/04/11 v3.0.1a (rcs-revision 1.7)

(/usr/share/texlive/texmf-dist/tex/generic/pgf/math/pgfmath.code.tex
(/usr/share/texlive/texmf-dist/tex/generic/pgf/math/pgfmathcalc.code.tex
(/usr/share/texlive/texmf-dist/tex/generic/pgf/math/pgfmathutil.code.tex)
(/usr/share/texlive/texmf-dist/tex/generic/pgf/math/pgfmathparser.code.tex
\pgfmath@dimen=\dimen139
\pgfmath@count=\count112
\pgfmath@box=\box35
\pgfmath@toks=\toks23
\pgfmath@stack@operand=\toks24
\pgfmath@stack@operation=\toks25
)
(/usr/share/texlive/texmf-dist/tex/generic/pgf/math/pgfmathfunctions.code.tex
(/usr/share/texlive/texmf-dist/tex/generic/pgf/math/pgfmathfunctions.basic.code
.tex)
(/usr/share/texlive/texmf-dist/tex/generic/pgf/math/pgfmathfunctions.trigonomet
ric.code.tex)
(/usr/share/texlive/texmf-dist/tex/generic/pgf/math/pgfmathfunctions.random.cod
e.tex)
(/usr/share/texlive/texmf-dist/tex/generic/pgf/math/pgfmathfunctions.comparison
.code.tex)
(/usr/share/texlive/texmf-dist/tex/generic/pgf/math/pgfmathfunctions.base.code.
tex)
(/usr/share/texlive/texmf-dist/tex/generic/pgf/math/pgfmathfunctions.round.code
.tex)
(/usr/share/texlive/texmf-dist/tex/generic/pgf/math/pgfmathfunctions.misc.code.
tex)
(/usr/share/texlive/texmf-dist/tex/generic/pgf/math/pgfmathfunctions.integerari
thmetics.code.tex)))
(/usr/share/texlive/texmf-dist/tex/generic/pgf/math/pgfmathfloat.code.tex
\c@pgfmathroundto@lastzeros=\count113
))
(/usr/share/texlive/texmf-dist/tex/generic/pgf/basiclayer/pgfcorepoints.code.te
x
File: pgfcorepoints.code.tex 2013/10/07  (rcs-revision 1.27)
\pgf@picminx=\dimen140
\pgf@picmaxx=\dimen141
\pgf@picminy=\dimen142
\pgf@picmaxy=\dimen143
\pgf@pathminx=\dimen144
\pgf@pathmaxx=\dimen145
\pgf@pathminy=\dimen146
\pgf@pathmaxy=\dimen147
\pgf@xx=\dimen148
\pgf@xy=\dimen149
\pgf@yx=\dimen150
\pgf@yy=\dimen151
\pgf@zx=\dimen152
\pgf@zy=\dimen153
)
(/usr/share/texlive/texmf-dist/tex/generic/pgf/basiclayer/pgfcorepathconstruct.
code.tex
File: pgfcorepathconstruct.code.tex 2013/10/07  (rcs-revision 1.29)
\pgf@path@lastx=\dimen154
\pgf@path@lasty=\dimen155
)
(/usr/share/texlive/texmf-dist/tex/generic/pgf/basiclayer/pgfcorepathusage.code
.tex
File: pgfcorepathusage.code.tex 2014/11/02  (rcs-revision 1.24)
\pgf@shorten@end@additional=\dimen156
\pgf@shorten@start@additional=\dimen157
)
(/usr/share/texlive/texmf-dist/tex/generic/pgf/basiclayer/pgfcorescopes.code.te
x
File: pgfcorescopes.code.tex 2015/05/08  (rcs-revision 1.46)
\pgfpic=\box36
\pgf@hbox=\box37
\pgf@layerbox@main=\box38
\pgf@picture@serial@count=\count114
)
(/usr/share/texlive/texmf-dist/tex/generic/pgf/basiclayer/pgfcoregraphicstate.c
ode.tex
File: pgfcoregraphicstate.code.tex 2014/11/02  (rcs-revision 1.12)
\pgflinewidth=\dimen158
)
(/usr/share/texlive/texmf-dist/tex/generic/pgf/basiclayer/pgfcoretransformation
s.code.tex
File: pgfcoretransformations.code.tex 2015/08/07  (rcs-revision 1.20)
\pgf@pt@x=\dimen159
\pgf@pt@y=\dimen160
\pgf@pt@temp=\dimen161
)
(/usr/share/texlive/texmf-dist/tex/generic/pgf/basiclayer/pgfcorequick.code.tex
File: pgfcorequick.code.tex 2008/10/09  (rcs-revision 1.3)
)
(/usr/share/texlive/texmf-dist/tex/generic/pgf/basiclayer/pgfcoreobjects.code.t
ex
File: pgfcoreobjects.code.tex 2006/10/11  (rcs-revision 1.2)
)
(/usr/share/texlive/texmf-dist/tex/generic/pgf/basiclayer/pgfcorepathprocessing
.code.tex
File: pgfcorepathprocessing.code.tex 2013/09/09  (rcs-revision 1.9)
)
(/usr/share/texlive/texmf-dist/tex/generic/pgf/basiclayer/pgfcorearrows.code.te
x
File: pgfcorearrows.code.tex 2015/05/14  (rcs-revision 1.43)
\pgfarrowsep=\dimen162
)
(/usr/share/texlive/texmf-dist/tex/generic/pgf/basiclayer/pgfcoreshade.code.tex
File: pgfcoreshade.code.tex 2013/07/15  (rcs-revision 1.15)
\pgf@max=\dimen163
\pgf@sys@shading@range@num=\count115
)
(/usr/share/texlive/texmf-dist/tex/generic/pgf/basiclayer/pgfcoreimage.code.tex
File: pgfcoreimage.code.tex 2013/07/15  (rcs-revision 1.18)

(/usr/share/texlive/texmf-dist/tex/generic/pgf/basiclayer/pgfcoreexternal.code.
tex
File: pgfcoreexternal.code.tex 2014/07/09  (rcs-revision 1.21)
\pgfexternal@startupbox=\box39
))
(/usr/share/texlive/texmf-dist/tex/generic/pgf/basiclayer/pgfcorelayers.code.te
x
File: pgfcorelayers.code.tex 2013/07/18  (rcs-revision 1.7)
)
(/usr/share/texlive/texmf-dist/tex/generic/pgf/basiclayer/pgfcoretransparency.c
ode.tex
File: pgfcoretransparency.code.tex 2013/09/30  (rcs-revision 1.5)
)
(/usr/share/texlive/texmf-dist/tex/generic/pgf/basiclayer/pgfcorepatterns.code.
tex
File: pgfcorepatterns.code.tex 2013/11/07  (rcs-revision 1.5)
))) (/usr/share/texlive/texmf-dist/tex/latex/pgf/utilities/xxcolor.sty
Package: xxcolor 2003/10/24 ver 0.1
\XC@nummixins=\count116
\XC@countmixins=\count117
)
(/usr/share/texlive/texmf-dist/tex/generic/oberdiek/atbegshi.sty
Package: atbegshi 2011/10/05 v1.16 At begin shipout hook (HO)
)
(/usr/share/texlive/texmf-dist/tex/latex/hyperref/hyperref.sty
Package: hyperref 2012/11/06 v6.83m Hypertext links for LaTeX

(/usr/share/texlive/texmf-dist/tex/generic/oberdiek/hobsub-hyperref.sty
Package: hobsub-hyperref 2012/05/28 v1.13 Bundle oberdiek, subset hyperref (HO)


(/usr/share/texlive/texmf-dist/tex/generic/oberdiek/hobsub-generic.sty
Package: hobsub-generic 2012/05/28 v1.13 Bundle oberdiek, subset generic (HO)
Package: hobsub 2012/05/28 v1.13 Construct package bundles (HO)
Package hobsub Info: Skipping package `infwarerr' (already loaded).
Package hobsub Info: Skipping package `ltxcmds' (already loaded).
Package: ifluatex 2010/03/01 v1.3 Provides the ifluatex switch (HO)
Package ifluatex Info: LuaTeX not detected.
Package hobsub Info: Skipping package `ifvtex' (already loaded).
Package: intcalc 2007/09/27 v1.1 Expandable calculations with integers (HO)
Package hobsub Info: Skipping package `ifpdf' (already loaded).
Package: etexcmds 2011/02/16 v1.5 Avoid name clashes with e-TeX commands (HO)
Package etexcmds Info: Could not find \expanded.
(etexcmds)             That can mean that you are not using pdfTeX 1.50 or
(etexcmds)             that some package has redefined \expanded.
(etexcmds)             In the latter case, load this package earlier.
Package: kvsetkeys 2012/04/25 v1.16 Key value parser (HO)
Package: kvdefinekeys 2011/04/07 v1.3 Define keys (HO)
Package: pdftexcmds 2011/11/29 v0.20 Utility functions of pdfTeX for LuaTeX (HO
)
Package pdftexcmds Info: LuaTeX not detected.
Package pdftexcmds Info: \pdf@primitive is available.
Package pdftexcmds Info: \pdf@ifprimitive is available.
Package pdftexcmds Info: \pdfdraftmode found.
Package: pdfescape 2011/11/25 v1.13 Implements pdfTeX's escape features (HO)
Package: bigintcalc 2012/04/08 v1.3 Expandable calculations on big integers (HO
)
Package: bitset 2011/01/30 v1.1 Handle bit-vector datatype (HO)
Package: uniquecounter 2011/01/30 v1.2 Provide unlimited unique counter (HO)
)
Package hobsub Info: Skipping package `hobsub' (already loaded).
Package: letltxmacro 2010/09/02 v1.4 Let assignment for LaTeX macros (HO)
Package: hopatch 2012/05/28 v1.2 Wrapper for package hooks (HO)
Package: xcolor-patch 2011/01/30 xcolor patch
Package: atveryend 2011/06/30 v1.8 Hooks at the very end of document (HO)
Package atveryend Info: \enddocument detected (standard20110627).
Package hobsub Info: Skipping package `atbegshi' (already loaded).
Package: refcount 2011/10/16 v3.4 Data extraction from label references (HO)
Package: hycolor 2011/01/30 v1.7 Color options for hyperref/bookmark (HO)
)
(/usr/share/texlive/texmf-dist/tex/latex/oberdiek/auxhook.sty
Package: auxhook 2011/03/04 v1.3 Hooks for auxiliary files (HO)
)
(/usr/share/texlive/texmf-dist/tex/latex/oberdiek/kvoptions.sty
Package: kvoptions 2011/06/30 v3.11 Key value format for package options (HO)
)
\@linkdim=\dimen164
\Hy@linkcounter=\count118
\Hy@pagecounter=\count119

(/usr/share/texlive/texmf-dist/tex/latex/hyperref/pd1enc.def
File: pd1enc.def 2012/11/06 v6.83m Hyperref: PDFDocEncoding definition (HO)
)
\Hy@SavedSpaceFactor=\count120

(/usr/share/texlive/texmf-dist/tex/latex/latexconfig/hyperref.cfg
File: hyperref.cfg 2002/06/06 v1.2 hyperref configuration of TeXLive
)
Package hyperref Info: Option `bookmarks' set `true' on input line 4319.
Package hyperref Info: Option `bookmarksopen' set `true' on input line 4319.
Package hyperref Info: Option `implicit' set `false' on input line 4319.
Package hyperref Info: Hyper figures OFF on input line 4443.
Package hyperref Info: Link nesting OFF on input line 4448.
Package hyperref Info: Hyper index ON on input line 4451.
Package hyperref Info: Plain pages OFF on input line 4458.
Package hyperref Info: Backreferencing OFF on input line 4463.
Package hyperref Info: Implicit mode OFF; no redefinition of LaTeX internals.
Package hyperref Info: Bookmarks ON on input line 4688.
\c@Hy@tempcnt=\count121

(/usr/share/texlive/texmf-dist/tex/latex/url/url.sty
\Urlmuskip=\muskip10
Package: url 2013/09/16  ver 3.4  Verb mode for urls, etc.
)
LaTeX Info: Redefining \url on input line 5041.
\XeTeXLinkMargin=\dimen165
\Fld@menulength=\count122
\Field@Width=\dimen166
\Fld@charsize=\dimen167
Package hyperref Info: Hyper figures OFF on input line 6295.
Package hyperref Info: Link nesting OFF on input line 6300.
Package hyperref Info: Hyper index ON on input line 6303.
Package hyperref Info: backreferencing OFF on input line 6310.
Package hyperref Info: Link coloring OFF on input line 6315.
Package hyperref Info: Link coloring with OCG OFF on input line 6320.
Package hyperref Info: PDF/A mode OFF on input line 6325.
LaTeX Info: Redefining \ref on input line 6365.
LaTeX Info: Redefining \pageref on input line 6369.
\Hy@abspage=\count123


Package hyperref Message: Stopped early.

)

Package hyperref Message: Driver (autodetected): hpdftex.

(/usr/share/texlive/texmf-dist/tex/latex/hyperref/hpdftex.def
File: hpdftex.def 2012/11/06 v6.83m Hyperref driver for pdfTeX
\Fld@listcount=\count124
\c@bookmark@seq@number=\count125

(/usr/share/texlive/texmf-dist/tex/latex/oberdiek/rerunfilecheck.sty
Package: rerunfilecheck 2011/04/15 v1.7 Rerun checks for auxiliary files (HO)
Package uniquecounter Info: New unique counter `rerunfilecheck' on input line 2
82.
))
(/usr/share/texlive/texmf-dist/tex/latex/beamer/beamerbaserequires.sty
Package: beamerbaserequires 2010/05/01  (rcs-revision efa082c6111d)

(/usr/share/texlive/texmf-dist/tex/latex/beamer/beamerbasecompatibility.sty
Package: beamerbasecompatibility 2012/05/01  (rcs-revision 67c48b3b652d)
)
(/usr/share/texlive/texmf-dist/tex/latex/beamer/beamerbasefont.sty
Package: beamerbasefont 2015/01/05  (rcs-revision b4b4bee242e2)

(/usr/share/texlive/texmf-dist/tex/latex/amsfonts/amssymb.sty
Package: amssymb 2013/01/14 v3.01 AMS font symbols

(/usr/share/texlive/texmf-dist/tex/latex/amsfonts/amsfonts.sty
Package: amsfonts 2013/01/14 v3.01 Basic AMSFonts support
\@emptytoks=\toks26
\symAMSa=\mathgroup4
\symAMSb=\mathgroup5
LaTeX Font Info:    Overwriting math alphabet `\mathfrak' in version `bold'
(Font)                  U/euf/m/n --> U/euf/b/n on input line 106.
)))
(/usr/share/texlive/texmf-dist/tex/latex/beamer/beamerbasetranslator.sty
Package: beamerbasetranslator 2010/06/11  (rcs-revision 85fd1cc7fc42)

(/usr/share/texlive/texmf-dist/tex/latex/beamer/translator/translator.sty
Package: translator 2010/06/12 ver 1.10

(/usr/share/texlive/texmf-dist/tex/latex/beamer/translator/translator-language-
mappings.tex)))
(/usr/share/texlive/texmf-dist/tex/latex/beamer/beamerbasemisc.sty
Package: beamerbasemisc 2013/09/03  (rcs-revision a55719c41d85)
)
(/usr/share/texlive/texmf-dist/tex/latex/beamer/beamerbasetwoscreens.sty
Package: beamerbasetwoscreens 2010/05/01  (rcs-revision efa082c6111d)
)
(/usr/share/texlive/texmf-dist/tex/latex/beamer/beamerbaseoverlay.sty
Package: beamerbaseoverlay 2013/12/25  (rcs-revision f6bd5e3805da)
\beamer@argscount=\count126
\beamer@lastskipcover=\skip44
\beamer@trivlistdepth=\count127
)
(/usr/share/texlive/texmf-dist/tex/latex/beamer/beamerbasetitle.sty
Package: beamerbasetitle 2010/09/21  (rcs-revision f0446ed0b6ae)
)
(/usr/share/texlive/texmf-dist/tex/latex/beamer/beamerbasesection.sty
Package: beamerbasesection 2013/06/07  (rcs-revision 60b9fe0f342f)
\c@lecture=\count128
\c@part=\count129
\c@section=\count130
\c@subsection=\count131
\c@subsubsection=\count132
)
(/usr/share/texlive/texmf-dist/tex/latex/beamer/beamerbaseframe.sty
Package: beamerbaseframe 2014/02/20  (rcs-revision 4b8ceeeff434)
\beamer@framebox=\box40
\beamer@frametitlebox=\box41
\beamer@zoombox=\box42
\beamer@zoomcount=\count133
\beamer@zoomframecount=\count134
\beamer@frametextheight=\dimen168
\c@subsectionslide=\count135
\beamer@frametopskip=\skip45
\beamer@framebottomskip=\skip46
\beamer@frametopskipautobreak=\skip47
\beamer@framebottomskipautobreak=\skip48
\beamer@envbody=\toks27
\framewidth=\dimen169
\c@framenumber=\count136
)
(/usr/share/texlive/texmf-dist/tex/latex/beamer/beamerbaseverbatim.sty
Package: beamerbaseverbatim 2015/01/05  (rcs-revision 431510bb5890)
\beamer@verbatimfileout=\write4
)
(/usr/share/texlive/texmf-dist/tex/latex/beamer/beamerbaseframesize.sty
Package: beamerbaseframesize 2011/09/12  (rcs-revision 70f9d8411e54)
\beamer@splitbox=\box43
\beamer@autobreakcount=\count137
\beamer@autobreaklastheight=\dimen170
\beamer@frametitletoks=\toks28
\beamer@framesubtitletoks=\toks29
)
(/usr/share/texlive/texmf-dist/tex/latex/beamer/beamerbaseframecomponents.sty
Package: beamerbaseframecomponents 2013/10/18  (rcs-revision 5cf6c5555a45)
\beamer@footins=\box44
)
(/usr/share/texlive/texmf-dist/tex/latex/beamer/beamerbasecolor.sty
Package: beamerbasecolor 2015/02/21  (rcs-revision d944b04ee2d5)
)
(/usr/share/texlive/texmf-dist/tex/latex/beamer/beamerbasenotes.sty
Package: beamerbasenotes 2012/12/19  (rcs-revision 1686da3db3c9)
\beamer@frameboxcopy=\box45
)
(/usr/share/texlive/texmf-dist/tex/latex/beamer/beamerbasetoc.sty
Package: beamerbasetoc 2015/03/08  (rcs-revision 7270298bbaae)
)
(/usr/share/texlive/texmf-dist/tex/latex/beamer/beamerbasetemplates.sty
Package: beamerbasetemplates 2010/05/01  (rcs-revision efa082c6111d)
\beamer@sbttoks=\toks30

(/usr/share/texlive/texmf-dist/tex/latex/beamer/beamerbaseauxtemplates.sty
Package: beamerbaseauxtemplates 2014/06/30  (rcs-revision 580088513a67)

(/usr/share/texlive/texmf-dist/tex/latex/beamer/beamerbaseboxes.sty
Package: beamerbaseboxes 2012/05/13  (rcs-revision 56972908a390)
\bmb@box=\box46
\bmb@colorbox=\box47
\bmb@boxshadow=\box48
\bmb@boxshadowball=\box49
\bmb@boxshadowballlarge=\box50
\bmb@temp=\dimen171
\bmb@dima=\dimen172
\bmb@dimb=\dimen173
\bmb@prevheight=\dimen174
)
\beamer@blockheadheight=\dimen175
))
(/usr/share/texlive/texmf-dist/tex/latex/beamer/beamerbaselocalstructure.sty
Package: beamerbaselocalstructure 2014/09/10  (rcs-revision 393f6dcff371)

(/usr/share/texlive/texmf-dist/tex/latex/tools/enumerate.sty
Package: enumerate 2015/07/23 v3.00 enumerate extensions (DPC)
\@enLab=\toks31
)
\c@figure=\count138
\c@table=\count139
\abovecaptionskip=\skip49
\belowcaptionskip=\skip50
)
(/usr/share/texlive/texmf-dist/tex/latex/beamer/beamerbasenavigation.sty
Package: beamerbasenavigation 2015/02/27  (rcs-revision 923f4bf87efa)
\beamer@section@min@dim=\dimen176
)
(/usr/share/texlive/texmf-dist/tex/latex/beamer/beamerbasetheorems.sty
Package: beamerbasetheorems 2010/06/06  (rcs-revision 7e7cc5e53e9d)

(/usr/share/texlive/texmf-dist/tex/latex/amsmath/amsmath.sty
Package: amsmath 2016/03/03 v2.15a AMS math features
\@mathmargin=\skip51

For additional information on amsmath, use the `?' option.
(/usr/share/texlive/texmf-dist/tex/latex/amsmath/amstext.sty
Package: amstext 2000/06/29 v2.01 AMS text

(/usr/share/texlive/texmf-dist/tex/latex/amsmath/amsgen.sty
File: amsgen.sty 1999/11/30 v2.0 generic functions
\@emptytoks=\toks32
\ex@=\dimen177
))
(/usr/share/texlive/texmf-dist/tex/latex/amsmath/amsbsy.sty
Package: amsbsy 1999/11/29 v1.2d Bold Symbols
\pmbraise@=\dimen178
)
(/usr/share/texlive/texmf-dist/tex/latex/amsmath/amsopn.sty
Package: amsopn 1999/12/14 v2.01 operator names
)
\inf@bad=\count140
LaTeX Info: Redefining \frac on input line 199.
\uproot@=\count141
\leftroot@=\count142
LaTeX Info: Redefining \overline on input line 297.
\classnum@=\count143
\DOTSCASE@=\count144
LaTeX Info: Redefining \ldots on input line 394.
LaTeX Info: Redefining \dots on input line 397.
LaTeX Info: Redefining \cdots on input line 518.
\Mathstrutbox@=\box51
\strutbox@=\box52
\big@size=\dimen179
LaTeX Font Info:    Redeclaring font encoding OML on input line 630.
LaTeX Font Info:    Redeclaring font encoding OMS on input line 631.
\macc@depth=\count145
\c@MaxMatrixCols=\count146
\dotsspace@=\muskip11
\c@parentequation=\count147
\dspbrk@lvl=\count148
\tag@help=\toks33
\row@=\count149
\column@=\count150
\maxfields@=\count151
\andhelp@=\toks34
\eqnshift@=\dimen180
\alignsep@=\dimen181
\tagshift@=\dimen182
\tagwidth@=\dimen183
\totwidth@=\dimen184
\lineht@=\dimen185
\@envbody=\toks35
\multlinegap=\skip52
\multlinetaggap=\skip53
\mathdisplay@stack=\toks36
LaTeX Info: Redefining \[ on input line 2735.
LaTeX Info: Redefining \] on input line 2736.
)
(/usr/share/texlive/texmf-dist/tex/latex/amscls/amsthm.sty
Package: amsthm 2015/03/04 v2.20.2
\thm@style=\toks37
\thm@bodyfont=\toks38
\thm@headfont=\toks39
\thm@notefont=\toks40
\thm@headpunct=\toks41
\thm@preskip=\skip54
\thm@postskip=\skip55
\thm@headsep=\skip56
\dth@everypar=\toks42
)
\c@theorem=\count152
)
(/usr/share/texlive/texmf-dist/tex/latex/beamer/beamerbasethemes.sty
Package: beamerbasethemes 2010/05/01  (rcs-revision efa082c6111d)
))
(/usr/share/texlive/texmf-dist/tex/latex/beamer/themes/theme/beamerthemedefault
.sty
Package: beamerthemedefault 2010/06/17  (rcs-revision d02a7cf4d8ae)

(/usr/share/texlive/texmf-dist/tex/latex/beamer/themes/font/beamerfontthemedefa
ult.sty
Package: beamerfontthemedefault 2012/12/19  (rcs-revision 1686da3db3c9)
)
(/usr/share/texlive/texmf-dist/tex/latex/beamer/themes/color/beamercolorthemede
fault.sty
Package: beamercolorthemedefault 2012/12/19  (rcs-revision 1686da3db3c9)
)
(/usr/share/texlive/texmf-dist/tex/latex/beamer/themes/inner/beamerinnerthemede
fault.sty
Package: beamerinnerthemedefault 2014/06/30  (rcs-revision 580088513a67)
\beamer@dima=\dimen186
\beamer@dimb=\dimen187
)
(/usr/share/texlive/texmf-dist/tex/latex/beamer/themes/outer/beamerouterthemede
fault.sty
Package: beamerouterthemedefault 2012/12/19  (rcs-revision 1686da3db3c9)
)))
(/usr/share/texlive/texmf-dist/tex/latex/beamer/themes/theme/beamerthemeSingapo
re.sty
Package: beamerthemeSingapore 2010/06/17  (rcs-revision d02a7cf4d8ae)

(/usr/share/texlive/texmf-dist/tex/latex/beamer/themes/outer/beamerouterthememi
niframes.sty
Package: beamerouterthememiniframes 2010/06/17  (rcs-revision d02a7cf4d8ae)
)) (./pdbp.aux)
\openout1 = `pdbp.aux'.

LaTeX Font Info:    Checking defaults for OML/cmm/m/it on input line 34.
LaTeX Font Info:    ... okay on input line 34.
LaTeX Font Info:    Checking defaults for T1/cmr/m/n on input line 34.
LaTeX Font Info:    ... okay on input line 34.
LaTeX Font Info:    Checking defaults for OT1/cmr/m/n on input line 34.
LaTeX Font Info:    ... okay on input line 34.
LaTeX Font Info:    Checking defaults for OMS/cmsy/m/n on input line 34.
LaTeX Font Info:    ... okay on input line 34.
LaTeX Font Info:    Checking defaults for OMX/cmex/m/n on input line 34.
LaTeX Font Info:    ... okay on input line 34.
LaTeX Font Info:    Checking defaults for U/cmr/m/n on input line 34.
LaTeX Font Info:    ... okay on input line 34.
LaTeX Font Info:    Checking defaults for PD1/pdf/m/n on input line 34.
LaTeX Font Info:    ... okay on input line 34.

*geometry* driver: auto-detecting
*geometry* detected driver: pdftex
*geometry* verbose mode - [ preamble ] result:
* driver: pdftex
* paper: custom
* layout: <same size as paper>
* layoutoffset:(h,v)=(0.0pt,0.0pt)
* modes: includehead includefoot 
* h-part:(L,W,R)=(28.45274pt, 307.28987pt, 28.45274pt)
* v-part:(T,H,B)=(0.0pt, 273.14662pt, 0.0pt)
* \paperwidth=364.19536pt
* \paperheight=273.14662pt
* \textwidth=307.28987pt
* \textheight=244.6939pt
* \oddsidemargin=-43.81725pt
* \evensidemargin=-43.81725pt
* \topmargin=-72.26999pt
* \headheight=14.22636pt
* \headsep=0.0pt
* \topskip=11.0pt
* \footskip=14.22636pt
* \marginparwidth=4.0pt
* \marginparsep=10.0pt
* \columnsep=10.0pt
* \skip\footins=10.0pt plus 4.0pt minus 2.0pt
* \hoffset=0.0pt
* \voffset=0.0pt
* \mag=1000
* \@twocolumnfalse
* \@twosidefalse
* \@mparswitchfalse
* \@reversemarginfalse
* (1in=72.27pt=25.4mm, 1cm=28.453pt)

(/usr/share/texlive/texmf-dist/tex/context/base/supp-pdf.mkii
[Loading MPS to PDF converter (version 2006.09.02).]
\scratchcounter=\count153
\scratchdimen=\dimen188
\scratchbox=\box53
\nofMPsegments=\count154
\nofMParguments=\count155
\everyMPshowfont=\toks43
\MPscratchCnt=\count156
\MPscratchDim=\dimen189
\MPnumerator=\count157
\makeMPintoPDFobject=\count158
\everyMPtoPDFconversion=\toks44
) (/usr/share/texlive/texmf-dist/tex/latex/oberdiek/epstopdf-base.sty
Package: epstopdf-base 2010/02/09 v2.5 Base part for package epstopdf

(/usr/share/texlive/texmf-dist/tex/latex/oberdiek/grfext.sty
Package: grfext 2010/08/19 v1.1 Manage graphics extensions (HO)
)
Package grfext Info: Graphics extension search list:
(grfext)             [.png,.pdf,.jpg,.mps,.jpeg,.jbig2,.jb2,.PNG,.PDF,.JPG,.JPE
G,.JBIG2,.JB2,.eps]
(grfext)             \AppendGraphicsExtensions on input line 452.

(/usr/share/texlive/texmf-dist/tex/latex/latexconfig/epstopdf-sys.cfg
File: epstopdf-sys.cfg 2010/07/13 v1.3 Configuration of (r)epstopdf for TeX Liv
e
))
ABD: EveryShipout initializing macros
\AtBeginShipoutBox=\box54
Package hyperref Info: Link coloring OFF on input line 34.

(/usr/share/texlive/texmf-dist/tex/latex/hyperref/nameref.sty
Package: nameref 2012/10/27 v2.43 Cross-referencing by name of section

(/usr/share/texlive/texmf-dist/tex/generic/oberdiek/gettitlestring.sty
Package: gettitlestring 2010/12/03 v1.4 Cleanup title references (HO)
)
\c@section@level=\count159
)
LaTeX Info: Redefining \ref on input line 34.
LaTeX Info: Redefining \pageref on input line 34.
LaTeX Info: Redefining \nameref on input line 34.

(./pdbp.out) (./pdbp.out)
\@outlinefile=\write5
\openout5 = `pdbp.out'.

LaTeX Font Info:    Overwriting symbol font `operators' in version `normal'
(Font)                  OT1/cmr/m/n --> OT1/cmss/m/n on input line 34.
LaTeX Font Info:    Overwriting symbol font `operators' in version `bold'
(Font)                  OT1/cmr/bx/n --> OT1/cmss/bx/n on input line 34.
\symnumbers=\mathgroup6
\sympureletters=\mathgroup7
LaTeX Font Info:    Overwriting math alphabet `\mathrm' in version `normal'
(Font)                  OT1/cmss/m/n --> OT1/cmr/m/n on input line 34.
LaTeX Font Info:    Redeclaring math alphabet \mathbf on input line 34.
LaTeX Font Info:    Overwriting math alphabet `\mathbf' in version `normal'
(Font)                  OT1/cmr/bx/n --> OT1/cmss/bx/n on input line 34.
LaTeX Font Info:    Overwriting math alphabet `\mathbf' in version `bold'
(Font)                  OT1/cmr/bx/n --> OT1/cmss/bx/n on input line 34.
LaTeX Font Info:    Redeclaring math alphabet \mathsf on input line 34.
LaTeX Font Info:    Overwriting math alphabet `\mathsf' in version `normal'
(Font)                  OT1/cmss/m/n --> OT1/cmss/m/n on input line 34.
LaTeX Font Info:    Overwriting math alphabet `\mathsf' in version `bold'
(Font)                  OT1/cmss/bx/n --> OT1/cmss/m/n on input line 34.
LaTeX Font Info:    Redeclaring math alphabet \mathit on input line 34.
LaTeX Font Info:    Overwriting math alphabet `\mathit' in version `normal'
(Font)                  OT1/cmr/m/it --> OT1/cmss/m/it on input line 34.
LaTeX Font Info:    Overwriting math alphabet `\mathit' in version `bold'
(Font)                  OT1/cmr/bx/it --> OT1/cmss/m/it on input line 34.
LaTeX Font Info:    Redeclaring math alphabet \mathtt on input line 34.
LaTeX Font Info:    Overwriting math alphabet `\mathtt' in version `normal'
(Font)                  OT1/cmtt/m/n --> OT1/cmtt/m/n on input line 34.
LaTeX Font Info:    Overwriting math alphabet `\mathtt' in version `bold'
(Font)                  OT1/cmtt/m/n --> OT1/cmtt/m/n on input line 34.
LaTeX Font Info:    Overwriting symbol font `numbers' in version `bold'
(Font)                  OT1/cmss/m/n --> OT1/cmss/bx/n on input line 34.
LaTeX Font Info:    Overwriting symbol font `pureletters' in version `bold'
(Font)                  OT1/cmss/m/it --> OT1/cmss/bx/it on input line 34.
LaTeX Font Info:    Overwriting math alphabet `\mathrm' in version `bold'
(Font)                  OT1/cmss/bx/n --> OT1/cmr/bx/n on input line 34.
LaTeX Font Info:    Overwriting math alphabet `\mathbf' in version `bold'
(Font)                  OT1/cmss/bx/n --> OT1/cmss/bx/n on input line 34.
LaTeX Font Info:    Overwriting math alphabet `\mathsf' in version `bold'
(Font)                  OT1/cmss/m/n --> OT1/cmss/bx/n on input line 34.
LaTeX Font Info:    Overwriting math alphabet `\mathit' in version `bold'
(Font)                  OT1/cmss/m/it --> OT1/cmss/bx/it on input line 34.
LaTeX Font Info:    Overwriting math alphabet `\mathtt' in version `bold'
(Font)                  OT1/cmtt/m/n --> OT1/cmtt/bx/n on input line 34.

(/usr/share/texlive/texmf-dist/tex/latex/beamer/translator/dicts/translator-bas
ic-dictionary/translator-basic-dictionary-English.dict
Dictionary: translator-basic-dictionary, Language: English 
)
(/usr/share/texlive/texmf-dist/tex/latex/beamer/translator/dicts/translator-bib
liography-dictionary/translator-bibliography-dictionary-English.dict
Dictionary: translator-bibliography-dictionary, Language: English 
)
(/usr/share/texlive/texmf-dist/tex/latex/beamer/translator/dicts/translator-env
ironment-dictionary/translator-environment-dictionary-English.dict
Dictionary: translator-environment-dictionary, Language: English 
)
(/usr/share/texlive/texmf-dist/tex/latex/beamer/translator/dicts/translator-mon
ths-dictionary/translator-months-dictionary-English.dict
Dictionary: translator-months-dictionary, Language: English 
)
(/usr/share/texlive/texmf-dist/tex/latex/beamer/translator/dicts/translator-num
bers-dictionary/translator-numbers-dictionary-English.dict
Dictionary: translator-numbers-dictionary, Language: English 
)
(/usr/share/texlive/texmf-dist/tex/latex/beamer/translator/dicts/translator-the
orem-dictionary/translator-theorem-dictionary-English.dict
Dictionary: translator-theorem-dictionary, Language: English 
)
LaTeX Info: Redefining \includegraphics on input line 34.
 (./pdbp.nav)
<png/PDBP.png, id=15, 466.74374pt x 635.37375pt>
File: png/PDBP.png Graphic file (type png)
 <use png/PDBP.png>
Package pdftex.def Info: png/PDBP.png used on input line 34.
(pdftex.def)             Requested size: 14.68541pt x 20.0pt.

Overfull \vbox (12.21443pt too high) detected at line 63
 []


LaTeX Font Warning: Font shape `OT1/cmss/m/n' in size <4> not available
(Font)              size <5> substituted on input line 63.

File: png/PDBP.png Graphic file (type png)
<use png/PDBP.png>
Package pdftex.def Info: png/PDBP.png used on input line 63.
(pdftex.def)             Requested size: 14.68541pt x 20.0pt.
 [1

{/var/lib/texmf/fonts/map/pdftex/updmap/pdftex.map} <./png/PDBP.png>]
\openout4 = `pdbp.vrb'.

 (./pdbp.vrb
LaTeX Font Info:    Try loading font information for OMS+cmss on input line 3.
LaTeX Font Info:    No file OMScmss.fd. on input line 3.


LaTeX Font Warning: Font shape `OMS/cmss/m/n' undefined
(Font)              using `OMS/cmsy/m/n' instead
(Font)              for symbol `textbullet' on input line 3.

)
File: png/PDBP.png Graphic file (type png)
 <use png/PDBP.png>
Package pdftex.def Info: png/PDBP.png used on input line 74.
(pdftex.def)             Requested size: 14.68541pt x 20.0pt.
 [2

] (./pdbp.vrb)
File: png/PDBP.png Graphic file (type png)
 <use png/PDBP.png>
Package pdftex.def Info: png/PDBP.png used on input line 74.
(pdftex.def)             Requested size: 14.68541pt x 20.0pt.
 [3

] (./pdbp.vrb)
File: png/PDBP.png Graphic file (type png)

<use png/PDBP.png>
Package pdftex.def Info: png/PDBP.png used on input line 74.
(pdftex.def)             Requested size: 14.68541pt x 20.0pt.
 [4

] (./pdbp.vrb)
File: png/PDBP.png Graphic file (type png)
 <use png/PDBP.png>
Package pdftex.def Info: png/PDBP.png used on input line 74.
(pdftex.def)             Requested size: 14.68541pt x 20.0pt.
 [5

]
\openout4 = `pdbp.vrb'.

 (./pdbp.vrb
<png/Backus.png, id=49, 133.49875pt x 161.60374pt>
File: png/Backus.png Graphic file (type png)
 <use png/Backus.png>
Package pdftex.def Info: png/Backus.png used on input line 2.
(pdftex.def)             Requested size: 49.56487pt x 60.0pt.
)
File: png/PDBP.png Graphic file (type png)

<use png/PDBP.png>
Package pdftex.def Info: png/PDBP.png used on input line 83.
(pdftex.def)             Requested size: 14.68541pt x 20.0pt.
 [6

 <./png/Backus.png>] (./pdbp.vrb
File: png/Backus.png Graphic file (type png)
 <use png/Backus.png>
Package pdftex.def Info: png/Backus.png used on input line 2.
(pdftex.def)             Requested size: 49.56487pt x 60.0pt.
)
File: png/PDBP.png Graphic file (type png)

<use png/PDBP.png>
Package pdftex.def Info: png/PDBP.png used on input line 83.
(pdftex.def)             Requested size: 14.68541pt x 20.0pt.
 [7

] (./pdbp.vrb
File: png/Backus.png Graphic file (type png)
 <use png/Backus.png>
Package pdftex.def Info: png/Backus.png used on input line 2.
(pdftex.def)             Requested size: 49.56487pt x 60.0pt.
)
File: png/PDBP.png Graphic file (type png)
 <use png/PDBP.png>
Package pdftex.def Info: png/PDBP.png used on input line 83.
(pdftex.def)             Requested size: 14.68541pt x 20.0pt.

[8

]
\openout4 = `pdbp.vrb'.

 (./pdbp.vrb <png/PipeQuestion.png, id=66, 792.9625pt x 460.72125pt>
File: png/PipeQuestion.png Graphic file (type png)

<use png/PipeQuestion.png>
Package pdftex.def Info: png/PipeQuestion.png used on input line 2.
(pdftex.def)             Requested size: 206.52837pt x 120.0pt.
)
Overfull \vbox (24.99086pt too high) detected at line 94
 []

File: png/PDBP.png Graphic file (type png)
<use png/PDBP.png>
Package pdftex.def Info: png/PDBP.png used on input line 94.
(pdftex.def)             Requested size: 14.68541pt x 20.0pt.
 [9

 <./png/PipeQuestion.png>] (./pdbp.vrb
File: png/PipeQuestion.png Graphic file (type png)

<use png/PipeQuestion.png>
Package pdftex.def Info: png/PipeQuestion.png used on input line 2.
(pdftex.def)             Requested size: 206.52837pt x 120.0pt.
)
Overfull \vbox (24.99086pt too high) detected at line 94
 []

File: png/PDBP.png Graphic file (type png)
<use png/PDBP.png>
Package pdftex.def Info: png/PDBP.png used on input line 94.
(pdftex.def)             Requested size: 14.68541pt x 20.0pt.
 [10

] (./pdbp.vrb
File: png/PipeQuestion.png Graphic file (type png)
 <use png/PipeQuestion.png>
Package pdftex.def Info: png/PipeQuestion.png used on input line 2.
(pdftex.def)             Requested size: 206.52837pt x 120.0pt.
)
Overfull \vbox (24.99086pt too high) detected at line 94
 []

File: png/PDBP.png Graphic file (type png)
<use png/PDBP.png>
Package pdftex.def Info: png/PDBP.png used on input line 94.
(pdftex.def)             Requested size: 14.68541pt x 20.0pt.
 [11

] (./pdbp.vrb
File: png/PipeQuestion.png Graphic file (type png)
 <use png/PipeQuestion.png>
Package pdftex.def Info: png/PipeQuestion.png used on input line 2.
(pdftex.def)             Requested size: 206.52837pt x 120.0pt.
)
Overfull \vbox (24.99086pt too high) detected at line 94
 []

File: png/PDBP.png Graphic file (type png)
<use png/PDBP.png>
Package pdftex.def Info: png/PDBP.png used on input line 94.
(pdftex.def)             Requested size: 14.68541pt x 20.0pt.
 [12

] (./pdbp.vrb
File: png/PipeQuestion.png Graphic file (type png)
 <use png/PipeQuestion.png>
Package pdftex.def Info: png/PipeQuestion.png used on input line 2.
(pdftex.def)             Requested size: 206.52837pt x 120.0pt.
)
Overfull \vbox (24.99086pt too high) detected at line 94
 []

File: png/PDBP.png Graphic file (type png)
<use png/PDBP.png>
Package pdftex.def Info: png/PDBP.png used on input line 94.
(pdftex.def)             Requested size: 14.68541pt x 20.0pt.
 [13

]
\openout4 = `pdbp.vrb'.

 (./pdbp.vrb
<png/Pipe.png, id=93, 376.40625pt x 260.975pt>
File: png/Pipe.png Graphic file (type png)
 <use png/Pipe.png>
Package pdftex.def Info: png/Pipe.png used on input line 2.
(pdftex.def)             Requested size: 201.92384pt x 140.0pt.
)
Overfull \vbox (9.12pt too high) detected at line 102
 []

File: png/PDBP.png Graphic file (type png)
<use png/PDBP.png>
Package pdftex.def Info: png/PDBP.png used on input line 102.
(pdftex.def)             Requested size: 14.68541pt x 20.0pt.
 [14

 <./png/Pipe.png>] (./pdbp.vrb
File: png/Pipe.png Graphic file (type png)
 <use png/Pipe.png>
Package pdftex.def Info: png/Pipe.png used on input line 2.
(pdftex.def)             Requested size: 201.92384pt x 140.0pt.
)
Overfull \vbox (9.12pt too high) detected at line 102
 []

File: png/PDBP.png Graphic file (type png)
<use png/PDBP.png>
Package pdftex.def Info: png/PDBP.png used on input line 102.
(pdftex.def)             Requested size: 14.68541pt x 20.0pt.
 [15

]
\openout4 = `pdbp.vrb'.

 (./pdbp.vrb)
Overfull \vbox (17.32pt too high) detected at line 130
 []

File: png/PDBP.png Graphic file (type png)
<use png/PDBP.png>
Package pdftex.def Info: png/PDBP.png used on input line 130.
(pdftex.def)             Requested size: 14.68541pt x 20.0pt.
 [16

] (./pdbp.vrb)
Overfull \vbox (17.32pt too high) detected at line 130
 []

File: png/PDBP.png Graphic file (type png)
<use png/PDBP.png>
Package pdftex.def Info: png/PDBP.png used on input line 130.
(pdftex.def)             Requested size: 14.68541pt x 20.0pt.
 [17

] (./pdbp.vrb)
Overfull \vbox (17.32pt too high) detected at line 130
 []

File: png/PDBP.png Graphic file (type png)
<use png/PDBP.png>
Package pdftex.def Info: png/PDBP.png used on input line 130.
(pdftex.def)             Requested size: 14.68541pt x 20.0pt.
 [18

] (./pdbp.vrb)
Overfull \vbox (17.32pt too high) detected at line 130
 []

File: png/PDBP.png Graphic file (type png)
<use png/PDBP.png>
Package pdftex.def Info: png/PDBP.png used on input line 130.
(pdftex.def)             Requested size: 14.68541pt x 20.0pt.
 [19

]
\openout4 = `pdbp.vrb'.

 (./pdbp.vrb)
File: png/PDBP.png Graphic file (type png)
 <use png/PDBP.png>
Package pdftex.def Info: png/PDBP.png used on input line 138.
(pdftex.def)             Requested size: 14.68541pt x 20.0pt.
 [20

] (./pdbp.vrb)
File: png/PDBP.png Graphic file (type png)

<use png/PDBP.png>
Package pdftex.def Info: png/PDBP.png used on input line 138.
(pdftex.def)             Requested size: 14.68541pt x 20.0pt.
 [21

] (./pdbp.vrb)
File: png/PDBP.png Graphic file (type png)
 <use png/PDBP.png>
Package pdftex.def Info: png/PDBP.png used on input line 138.
(pdftex.def)             Requested size: 14.68541pt x 20.0pt.
 [22

]
\openout4 = `pdbp.vrb'.

 (./pdbp.vrb)
File: png/PDBP.png Graphic file (type png)

<use png/PDBP.png>
Package pdftex.def Info: png/PDBP.png used on input line 149.
(pdftex.def)             Requested size: 14.68541pt x 20.0pt.
 [23

]
\openout4 = `pdbp.vrb'.

 (./pdbp.vrb)
Overfull \vbox (4.02417pt too high) detected at line 175
 []

File: png/PDBP.png Graphic file (type png)
<use png/PDBP.png>
Package pdftex.def Info: png/PDBP.png used on input line 175.
(pdftex.def)             Requested size: 14.68541pt x 20.0pt.
 [24

] (./pdbp.vrb)
Overfull \vbox (4.02417pt too high) detected at line 175
 []

File: png/PDBP.png Graphic file (type png)
<use png/PDBP.png>
Package pdftex.def Info: png/PDBP.png used on input line 175.
(pdftex.def)             Requested size: 14.68541pt x 20.0pt.
 [25

]
\openout4 = `pdbp.vrb'.

 (./pdbp.vrb)
Overfull \vbox (4.02417pt too high) detected at line 201
 []

File: png/PDBP.png Graphic file (type png)
<use png/PDBP.png>
Package pdftex.def Info: png/PDBP.png used on input line 201.
(pdftex.def)             Requested size: 14.68541pt x 20.0pt.
 [26

] (./pdbp.vrb)
Overfull \vbox (4.02417pt too high) detected at line 201
 []

File: png/PDBP.png Graphic file (type png)
<use png/PDBP.png>
Package pdftex.def Info: png/PDBP.png used on input line 201.
(pdftex.def)             Requested size: 14.68541pt x 20.0pt.
 [27

]
\openout4 = `pdbp.vrb'.

 (./pdbp.vrb)
Overfull \vbox (3.72pt too high) detected at line 227
 []

File: png/PDBP.png Graphic file (type png)
<use png/PDBP.png>
Package pdftex.def Info: png/PDBP.png used on input line 227.
(pdftex.def)             Requested size: 14.68541pt x 20.0pt.
 [28

] (./pdbp.vrb)
Overfull \vbox (3.72pt too high) detected at line 227
 []

File: png/PDBP.png Graphic file (type png)
<use png/PDBP.png>
Package pdftex.def Info: png/PDBP.png used on input line 227.
(pdftex.def)             Requested size: 14.68541pt x 20.0pt.
 [29

]
\openout4 = `pdbp.vrb'.

 (./pdbp.vrb)
File: png/PDBP.png Graphic file (type png)
 <use png/PDBP.png>
Package pdftex.def Info: png/PDBP.png used on input line 236.
(pdftex.def)             Requested size: 14.68541pt x 20.0pt.
 [30

]
\openout4 = `pdbp.vrb'.

 (./pdbp.vrb)
File: png/PDBP.png Graphic file (type png)

<use png/PDBP.png>
Package pdftex.def Info: png/PDBP.png used on input line 248.
(pdftex.def)             Requested size: 14.68541pt x 20.0pt.
 [31

]
\openout4 = `pdbp.vrb'.

 (./pdbp.vrb)
Overfull \vbox (29.3909pt too high) detected at line 268
 []

File: png/PDBP.png Graphic file (type png)
<use png/PDBP.png>
Package pdftex.def Info: png/PDBP.png used on input line 268.
(pdftex.def)             Requested size: 14.68541pt x 20.0pt.
 [32

]
\openout4 = `pdbp.vrb'.

 (./pdbp.vrb)
File: png/PDBP.png Graphic file (type png)
 <use png/PDBP.png>
Package pdftex.def Info: png/PDBP.png used on input line 277.
(pdftex.def)             Requested size: 14.68541pt x 20.0pt.
 [33

]
\openout4 = `pdbp.vrb'.

 (./pdbp.vrb)
File: png/PDBP.png Graphic file (type png)

<use png/PDBP.png>
Package pdftex.def Info: png/PDBP.png used on input line 291.
(pdftex.def)             Requested size: 14.68541pt x 20.0pt.
 [34

]
\openout4 = `pdbp.vrb'.

 (./pdbp.vrb)
Overfull \vbox (29.3909pt too high) detected at line 311
 []

File: png/PDBP.png Graphic file (type png)
<use png/PDBP.png>
Package pdftex.def Info: png/PDBP.png used on input line 311.
(pdftex.def)             Requested size: 14.68541pt x 20.0pt.
 [35

]
\openout4 = `pdbp.vrb'.

 (./pdbp.vrb)
File: png/PDBP.png Graphic file (type png)
 <use png/PDBP.png>
Package pdftex.def Info: png/PDBP.png used on input line 335.
(pdftex.def)             Requested size: 14.68541pt x 20.0pt.
 [36

] (./pdbp.vrb)
File: png/PDBP.png Graphic file (type png)

<use png/PDBP.png>
Package pdftex.def Info: png/PDBP.png used on input line 335.
(pdftex.def)             Requested size: 14.68541pt x 20.0pt.
 [37

] (./pdbp.vrb)
File: png/PDBP.png Graphic file (type png)
 <use png/PDBP.png>
Package pdftex.def Info: png/PDBP.png used on input line 335.
(pdftex.def)             Requested size: 14.68541pt x 20.0pt.
 [38

] (./pdbp.vrb)
File: png/PDBP.png Graphic file (type png)

<use png/PDBP.png>
Package pdftex.def Info: png/PDBP.png used on input line 335.
(pdftex.def)             Requested size: 14.68541pt x 20.0pt.
 [39

] (./pdbp.vrb)
File: png/PDBP.png Graphic file (type png)
 <use png/PDBP.png>
Package pdftex.def Info: png/PDBP.png used on input line 335.
(pdftex.def)             Requested size: 14.68541pt x 20.0pt.
 [40

] (./pdbp.vrb)
File: png/PDBP.png Graphic file (type png)

<use png/PDBP.png>
Package pdftex.def Info: png/PDBP.png used on input line 335.
(pdftex.def)             Requested size: 14.68541pt x 20.0pt.
 [41

] (./pdbp.vrb)
File: png/PDBP.png Graphic file (type png)
 <use png/PDBP.png>
Package pdftex.def Info: png/PDBP.png used on input line 335.
(pdftex.def)             Requested size: 14.68541pt x 20.0pt.
 [42

] (./pdbp.vrb)
File: png/PDBP.png Graphic file (type png)

<use png/PDBP.png>
Package pdftex.def Info: png/PDBP.png used on input line 335.
(pdftex.def)             Requested size: 14.68541pt x 20.0pt.
 [43

]
\openout4 = `pdbp.vrb'.

 (./pdbp.vrb)
File: png/PDBP.png Graphic file (type png)
 <use png/PDBP.png>
Package pdftex.def Info: png/PDBP.png used on input line 345.
(pdftex.def)             Requested size: 14.68541pt x 20.0pt.
 [44

] (./pdbp.vrb)
File: png/PDBP.png Graphic file (type png)

<use png/PDBP.png>
Package pdftex.def Info: png/PDBP.png used on input line 345.
(pdftex.def)             Requested size: 14.68541pt x 20.0pt.
 [45

] (./pdbp.vrb)
File: png/PDBP.png Graphic file (type png)
 <use png/PDBP.png>
Package pdftex.def Info: png/PDBP.png used on input line 345.
(pdftex.def)             Requested size: 14.68541pt x 20.0pt.
 [46

]
\openout4 = `pdbp.vrb'.

 (./pdbp.vrb)
Overfull \vbox (30.59084pt too high) detected at line 377
 []

File: png/PDBP.png Graphic file (type png)
<use png/PDBP.png>
Package pdftex.def Info: png/PDBP.png used on input line 377.
(pdftex.def)             Requested size: 14.68541pt x 20.0pt.
 [47

] (./pdbp.vrb)
Overfull \vbox (30.59084pt too high) detected at line 377
 []

File: png/PDBP.png Graphic file (type png)
<use png/PDBP.png>
Package pdftex.def Info: png/PDBP.png used on input line 377.
(pdftex.def)             Requested size: 14.68541pt x 20.0pt.
 [48

] (./pdbp.vrb)
Overfull \vbox (30.59084pt too high) detected at line 377
 []

File: png/PDBP.png Graphic file (type png)
<use png/PDBP.png>
Package pdftex.def Info: png/PDBP.png used on input line 377.
(pdftex.def)             Requested size: 14.68541pt x 20.0pt.
 [49

] (./pdbp.vrb)
Overfull \vbox (30.59084pt too high) detected at line 377
 []

File: png/PDBP.png Graphic file (type png)
<use png/PDBP.png>
Package pdftex.def Info: png/PDBP.png used on input line 377.
(pdftex.def)             Requested size: 14.68541pt x 20.0pt.
 [50

] (./pdbp.vrb)
Overfull \vbox (30.59084pt too high) detected at line 377
 []

File: png/PDBP.png Graphic file (type png)
<use png/PDBP.png>
Package pdftex.def Info: png/PDBP.png used on input line 377.
(pdftex.def)             Requested size: 14.68541pt x 20.0pt.
 [51

] (./pdbp.vrb)
Overfull \vbox (30.59084pt too high) detected at line 377
 []

File: png/PDBP.png Graphic file (type png)
<use png/PDBP.png>
Package pdftex.def Info: png/PDBP.png used on input line 377.
(pdftex.def)             Requested size: 14.68541pt x 20.0pt.
 [52

]
\openout4 = `pdbp.vrb'.

 (./pdbp.vrb)
File: png/PDBP.png Graphic file (type png)
 <use png/PDBP.png>
Package pdftex.def Info: png/PDBP.png used on input line 388.
(pdftex.def)             Requested size: 14.68541pt x 20.0pt.
 [53

] (./pdbp.vrb)
File: png/PDBP.png Graphic file (type png)

<use png/PDBP.png>
Package pdftex.def Info: png/PDBP.png used on input line 388.
(pdftex.def)             Requested size: 14.68541pt x 20.0pt.
 [54

] (./pdbp.vrb)
File: png/PDBP.png Graphic file (type png)
 <use png/PDBP.png>
Package pdftex.def Info: png/PDBP.png used on input line 388.
(pdftex.def)             Requested size: 14.68541pt x 20.0pt.
 [55

] (./pdbp.vrb)
File: png/PDBP.png Graphic file (type png)

<use png/PDBP.png>
Package pdftex.def Info: png/PDBP.png used on input line 388.
(pdftex.def)             Requested size: 14.68541pt x 20.0pt.
 [56

] (./pdbp.vrb)
File: png/PDBP.png Graphic file (type png)
 <use png/PDBP.png>
Package pdftex.def Info: png/PDBP.png used on input line 388.
(pdftex.def)             Requested size: 14.68541pt x 20.0pt.
 [57

] (./pdbp.vrb)
File: png/PDBP.png Graphic file (type png)

<use png/PDBP.png>
Package pdftex.def Info: png/PDBP.png used on input line 388.
(pdftex.def)             Requested size: 14.68541pt x 20.0pt.
 [58

]
\openout4 = `pdbp.vrb'.

 (./pdbp.vrb)
File: png/PDBP.png Graphic file (type png)
 <use png/PDBP.png>
Package pdftex.def Info: png/PDBP.png used on input line 396.
(pdftex.def)             Requested size: 14.68541pt x 20.0pt.
 [59

] (./pdbp.vrb)
File: png/PDBP.png Graphic file (type png)

<use png/PDBP.png>
Package pdftex.def Info: png/PDBP.png used on input line 396.
(pdftex.def)             Requested size: 14.68541pt x 20.0pt.
 [60

] (./pdbp.vrb)
File: png/PDBP.png Graphic file (type png)
 <use png/PDBP.png>
Package pdftex.def Info: png/PDBP.png used on input line 396.
(pdftex.def)             Requested size: 14.68541pt x 20.0pt.
 [61

]
\openout4 = `pdbp.vrb'.

 (./pdbp.vrb)
File: png/PDBP.png Graphic file (type png)

<use png/PDBP.png>
Package pdftex.def Info: png/PDBP.png used on input line 404.
(pdftex.def)             Requested size: 14.68541pt x 20.0pt.
 [62

] (./pdbp.vrb)
File: png/PDBP.png Graphic file (type png)
 <use png/PDBP.png>
Package pdftex.def Info: png/PDBP.png used on input line 404.
(pdftex.def)             Requested size: 14.68541pt x 20.0pt.
 [63

] (./pdbp.vrb)
File: png/PDBP.png Graphic file (type png)

<use png/PDBP.png>
Package pdftex.def Info: png/PDBP.png used on input line 404.
(pdftex.def)             Requested size: 14.68541pt x 20.0pt.
 [64

]
\openout4 = `pdbp.vrb'.

 (./pdbp.vrb)
File: png/PDBP.png Graphic file (type png)
 <use png/PDBP.png>
Package pdftex.def Info: png/PDBP.png used on input line 432.
(pdftex.def)             Requested size: 14.68541pt x 20.0pt.
 [65

] (./pdbp.vrb)
File: png/PDBP.png Graphic file (type png)

<use png/PDBP.png>
Package pdftex.def Info: png/PDBP.png used on input line 432.
(pdftex.def)             Requested size: 14.68541pt x 20.0pt.
 [66

] (./pdbp.vrb)
File: png/PDBP.png Graphic file (type png)
 <use png/PDBP.png>
Package pdftex.def Info: png/PDBP.png used on input line 432.
(pdftex.def)             Requested size: 14.68541pt x 20.0pt.
 [67

] (./pdbp.vrb)
File: png/PDBP.png Graphic file (type png)

<use png/PDBP.png>
Package pdftex.def Info: png/PDBP.png used on input line 432.
(pdftex.def)             Requested size: 14.68541pt x 20.0pt.
 [68

] (./pdbp.vrb)
File: png/PDBP.png Graphic file (type png)
 <use png/PDBP.png>
Package pdftex.def Info: png/PDBP.png used on input line 432.
(pdftex.def)             Requested size: 14.68541pt x 20.0pt.
 [69

]
\openout4 = `pdbp.vrb'.

 (./pdbp.vrb)
File: png/PDBP.png Graphic file (type png)

<use png/PDBP.png>
Package pdftex.def Info: png/PDBP.png used on input line 469.
(pdftex.def)             Requested size: 14.68541pt x 20.0pt.
 [70

] (./pdbp.vrb)
File: png/PDBP.png Graphic file (type png)
 <use png/PDBP.png>
Package pdftex.def Info: png/PDBP.png used on input line 469.
(pdftex.def)             Requested size: 14.68541pt x 20.0pt.
 [71

] (./pdbp.vrb)
File: png/PDBP.png Graphic file (type png)

<use png/PDBP.png>
Package pdftex.def Info: png/PDBP.png used on input line 469.
(pdftex.def)             Requested size: 14.68541pt x 20.0pt.
 [72

] (./pdbp.vrb)
File: png/PDBP.png Graphic file (type png)
 <use png/PDBP.png>
Package pdftex.def Info: png/PDBP.png used on input line 469.
(pdftex.def)             Requested size: 14.68541pt x 20.0pt.
 [73

] (./pdbp.vrb)
File: png/PDBP.png Graphic file (type png)

<use png/PDBP.png>
Package pdftex.def Info: png/PDBP.png used on input line 469.
(pdftex.def)             Requested size: 14.68541pt x 20.0pt.
 [74

] (./pdbp.vrb)
File: png/PDBP.png Graphic file (type png)
 <use png/PDBP.png>
Package pdftex.def Info: png/PDBP.png used on input line 469.
(pdftex.def)             Requested size: 14.68541pt x 20.0pt.
 [75

]
\openout4 = `pdbp.vrb'.

 (./pdbp.vrb)
File: png/PDBP.png Graphic file (type png)

<use png/PDBP.png>
Package pdftex.def Info: png/PDBP.png used on input line 483.
(pdftex.def)             Requested size: 14.68541pt x 20.0pt.
 [76

] (./pdbp.vrb)
File: png/PDBP.png Graphic file (type png)
 <use png/PDBP.png>
Package pdftex.def Info: png/PDBP.png used on input line 483.
(pdftex.def)             Requested size: 14.68541pt x 20.0pt.
 [77

] (./pdbp.vrb)
File: png/PDBP.png Graphic file (type png)

<use png/PDBP.png>
Package pdftex.def Info: png/PDBP.png used on input line 483.
(pdftex.def)             Requested size: 14.68541pt x 20.0pt.
 [78

] (./pdbp.vrb)
File: png/PDBP.png Graphic file (type png)
 <use png/PDBP.png>
Package pdftex.def Info: png/PDBP.png used on input line 483.
(pdftex.def)             Requested size: 14.68541pt x 20.0pt.
 [79

] (./pdbp.vrb)
File: png/PDBP.png Graphic file (type png)

<use png/PDBP.png>
Package pdftex.def Info: png/PDBP.png used on input line 483.
(pdftex.def)             Requested size: 14.68541pt x 20.0pt.
 [80

]
\openout4 = `pdbp.vrb'.

 (./pdbp.vrb)
File: png/PDBP.png Graphic file (type png)
 <use png/PDBP.png>
Package pdftex.def Info: png/PDBP.png used on input line 491.
(pdftex.def)             Requested size: 14.68541pt x 20.0pt.
 [81

] (./pdbp.vrb)
File: png/PDBP.png Graphic file (type png)

<use png/PDBP.png>
Package pdftex.def Info: png/PDBP.png used on input line 491.
(pdftex.def)             Requested size: 14.68541pt x 20.0pt.
 [82

] (./pdbp.vrb)
File: png/PDBP.png Graphic file (type png)
 <use png/PDBP.png>
Package pdftex.def Info: png/PDBP.png used on input line 491.
(pdftex.def)             Requested size: 14.68541pt x 20.0pt.
 [83

]
\openout4 = `pdbp.vrb'.

 (./pdbp.vrb)
File: png/PDBP.png Graphic file (type png)

<use png/PDBP.png>
Package pdftex.def Info: png/PDBP.png used on input line 503.
(pdftex.def)             Requested size: 14.68541pt x 20.0pt.
 [84

] (./pdbp.vrb)
File: png/PDBP.png Graphic file (type png)
 <use png/PDBP.png>
Package pdftex.def Info: png/PDBP.png used on input line 503.
(pdftex.def)             Requested size: 14.68541pt x 20.0pt.
 [85

] (./pdbp.vrb)
File: png/PDBP.png Graphic file (type png)

<use png/PDBP.png>
Package pdftex.def Info: png/PDBP.png used on input line 503.
(pdftex.def)             Requested size: 14.68541pt x 20.0pt.
 [86

] (./pdbp.vrb)
File: png/PDBP.png Graphic file (type png)
 <use png/PDBP.png>
Package pdftex.def Info: png/PDBP.png used on input line 503.
(pdftex.def)             Requested size: 14.68541pt x 20.0pt.
 [87

] (./pdbp.vrb)
File: png/PDBP.png Graphic file (type png)

<use png/PDBP.png>
Package pdftex.def Info: png/PDBP.png used on input line 503.
(pdftex.def)             Requested size: 14.68541pt x 20.0pt.
 [88

]
\openout4 = `pdbp.vrb'.

 (./pdbp.vrb)
File: png/PDBP.png Graphic file (type png)
 <use png/PDBP.png>
Package pdftex.def Info: png/PDBP.png used on input line 516.
(pdftex.def)             Requested size: 14.68541pt x 20.0pt.
 [89

] (./pdbp.vrb)
File: png/PDBP.png Graphic file (type png)

<use png/PDBP.png>
Package pdftex.def Info: png/PDBP.png used on input line 516.
(pdftex.def)             Requested size: 14.68541pt x 20.0pt.
 [90

] (./pdbp.vrb)
File: png/PDBP.png Graphic file (type png)
 <use png/PDBP.png>
Package pdftex.def Info: png/PDBP.png used on input line 516.
(pdftex.def)             Requested size: 14.68541pt x 20.0pt.
 [91

] (./pdbp.vrb)
File: png/PDBP.png Graphic file (type png)

<use png/PDBP.png>
Package pdftex.def Info: png/PDBP.png used on input line 516.
(pdftex.def)             Requested size: 14.68541pt x 20.0pt.
 [92

] (./pdbp.vrb)
File: png/PDBP.png Graphic file (type png)
 <use png/PDBP.png>
Package pdftex.def Info: png/PDBP.png used on input line 516.
(pdftex.def)             Requested size: 14.68541pt x 20.0pt.
 [93

] (./pdbp.vrb)
File: png/PDBP.png Graphic file (type png)

<use png/PDBP.png>
Package pdftex.def Info: png/PDBP.png used on input line 516.
(pdftex.def)             Requested size: 14.68541pt x 20.0pt.
 [94

]
\openout4 = `pdbp.vrb'.

 (./pdbp.vrb)
File: png/PDBP.png Graphic file (type png)
 <use png/PDBP.png>
Package pdftex.def Info: png/PDBP.png used on input line 537.
(pdftex.def)             Requested size: 14.68541pt x 20.0pt.
 [95

]
\openout4 = `pdbp.vrb'.

 (./pdbp.vrb)
File: png/PDBP.png Graphic file (type png)

<use png/PDBP.png>
Package pdftex.def Info: png/PDBP.png used on input line 560.
(pdftex.def)             Requested size: 14.68541pt x 20.0pt.
 [96

]
\openout4 = `pdbp.vrb'.

 (./pdbp.vrb)
File: png/PDBP.png Graphic file (type png)
 <use png/PDBP.png>
Package pdftex.def Info: png/PDBP.png used on input line 583.
(pdftex.def)             Requested size: 14.68541pt x 20.0pt.
 [97

]
\openout4 = `pdbp.vrb'.

 (./pdbp.vrb)
File: png/PDBP.png Graphic file (type png)

<use png/PDBP.png>
Package pdftex.def Info: png/PDBP.png used on input line 599.
(pdftex.def)             Requested size: 14.68541pt x 20.0pt.
 [98

] (./pdbp.vrb)
File: png/PDBP.png Graphic file (type png)
 <use png/PDBP.png>
Package pdftex.def Info: png/PDBP.png used on input line 599.
(pdftex.def)             Requested size: 14.68541pt x 20.0pt.
 [99

] (./pdbp.vrb)
File: png/PDBP.png Graphic file (type png)

<use png/PDBP.png>
Package pdftex.def Info: png/PDBP.png used on input line 599.
(pdftex.def)             Requested size: 14.68541pt x 20.0pt.
 [100

] (./pdbp.vrb)
File: png/PDBP.png Graphic file (type png)
 <use png/PDBP.png>
Package pdftex.def Info: png/PDBP.png used on input line 599.
(pdftex.def)             Requested size: 14.68541pt x 20.0pt.
 [101

] (./pdbp.vrb)
File: png/PDBP.png Graphic file (type png)

<use png/PDBP.png>
Package pdftex.def Info: png/PDBP.png used on input line 599.
(pdftex.def)             Requested size: 14.68541pt x 20.0pt.
 [102

] (./pdbp.vrb)
File: png/PDBP.png Graphic file (type png)
 <use png/PDBP.png>
Package pdftex.def Info: png/PDBP.png used on input line 599.
(pdftex.def)             Requested size: 14.68541pt x 20.0pt.
 [103

]
\openout4 = `pdbp.vrb'.

 (./pdbp.vrb)
File: png/PDBP.png Graphic file (type png)

<use png/PDBP.png>
Package pdftex.def Info: png/PDBP.png used on input line 619.
(pdftex.def)             Requested size: 14.68541pt x 20.0pt.
 [104

]
\openout4 = `pdbp.vrb'.

 (./pdbp.vrb)
File: png/PDBP.png Graphic file (type png)
 <use png/PDBP.png>
Package pdftex.def Info: png/PDBP.png used on input line 648.
(pdftex.def)             Requested size: 14.68541pt x 20.0pt.
 [105

] (./pdbp.vrb)
File: png/PDBP.png Graphic file (type png)

<use png/PDBP.png>
Package pdftex.def Info: png/PDBP.png used on input line 648.
(pdftex.def)             Requested size: 14.68541pt x 20.0pt.
 [106

] (./pdbp.vrb)
File: png/PDBP.png Graphic file (type png)
 <use png/PDBP.png>
Package pdftex.def Info: png/PDBP.png used on input line 648.
(pdftex.def)             Requested size: 14.68541pt x 20.0pt.
 [107

] (./pdbp.vrb)
File: png/PDBP.png Graphic file (type png)

<use png/PDBP.png>
Package pdftex.def Info: png/PDBP.png used on input line 648.
(pdftex.def)             Requested size: 14.68541pt x 20.0pt.
 [108

] (./pdbp.vrb)
File: png/PDBP.png Graphic file (type png)
 <use png/PDBP.png>
Package pdftex.def Info: png/PDBP.png used on input line 648.
(pdftex.def)             Requested size: 14.68541pt x 20.0pt.
 [109

] (./pdbp.vrb)
File: png/PDBP.png Graphic file (type png)

<use png/PDBP.png>
Package pdftex.def Info: png/PDBP.png used on input line 648.
(pdftex.def)             Requested size: 14.68541pt x 20.0pt.
 [110

] (./pdbp.vrb)
File: png/PDBP.png Graphic file (type png)
 <use png/PDBP.png>
Package pdftex.def Info: png/PDBP.png used on input line 648.
(pdftex.def)             Requested size: 14.68541pt x 20.0pt.
 [111

] (./pdbp.vrb)
File: png/PDBP.png Graphic file (type png)

<use png/PDBP.png>
Package pdftex.def Info: png/PDBP.png used on input line 648.
(pdftex.def)             Requested size: 14.68541pt x 20.0pt.
 [112

] (./pdbp.vrb)
File: png/PDBP.png Graphic file (type png)
 <use png/PDBP.png>
Package pdftex.def Info: png/PDBP.png used on input line 648.
(pdftex.def)             Requested size: 14.68541pt x 20.0pt.
 [113

] (./pdbp.vrb)
File: png/PDBP.png Graphic file (type png)

<use png/PDBP.png>
Package pdftex.def Info: png/PDBP.png used on input line 648.
(pdftex.def)             Requested size: 14.68541pt x 20.0pt.
 [114

] (./pdbp.vrb)
File: png/PDBP.png Graphic file (type png)
 <use png/PDBP.png>
Package pdftex.def Info: png/PDBP.png used on input line 648.
(pdftex.def)             Requested size: 14.68541pt x 20.0pt.
 [115

] (./pdbp.vrb)
File: png/PDBP.png Graphic file (type png)

<use png/PDBP.png>
Package pdftex.def Info: png/PDBP.png used on input line 648.
(pdftex.def)             Requested size: 14.68541pt x 20.0pt.
 [116

]
\openout4 = `pdbp.vrb'.

 (./pdbp.vrb)
File: png/PDBP.png Graphic file (type png)
 <use png/PDBP.png>
Package pdftex.def Info: png/PDBP.png used on input line 658.
(pdftex.def)             Requested size: 14.68541pt x 20.0pt.
 [117

] (./pdbp.vrb)
File: png/PDBP.png Graphic file (type png)

<use png/PDBP.png>
Package pdftex.def Info: png/PDBP.png used on input line 658.
(pdftex.def)             Requested size: 14.68541pt x 20.0pt.
 [118

] (./pdbp.vrb)
File: png/PDBP.png Graphic file (type png)
 <use png/PDBP.png>
Package pdftex.def Info: png/PDBP.png used on input line 658.
(pdftex.def)             Requested size: 14.68541pt x 20.0pt.
 [119

]
\openout4 = `pdbp.vrb'.

 (./pdbp.vrb)
File: png/PDBP.png Graphic file (type png)

<use png/PDBP.png>
Package pdftex.def Info: png/PDBP.png used on input line 669.
(pdftex.def)             Requested size: 14.68541pt x 20.0pt.
 [120

]
\openout4 = `pdbp.vrb'.

 (./pdbp.vrb)
File: png/PDBP.png Graphic file (type png)
 <use png/PDBP.png>
Package pdftex.def Info: png/PDBP.png used on input line 680.
(pdftex.def)             Requested size: 14.68541pt x 20.0pt.
 [121

]
\openout4 = `pdbp.vrb'.

 (./pdbp.vrb)
File: png/PDBP.png Graphic file (type png)

<use png/PDBP.png>
Package pdftex.def Info: png/PDBP.png used on input line 688.
(pdftex.def)             Requested size: 14.68541pt x 20.0pt.
 [122

] (./pdbp.vrb)
File: png/PDBP.png Graphic file (type png)
 <use png/PDBP.png>
Package pdftex.def Info: png/PDBP.png used on input line 688.
(pdftex.def)             Requested size: 14.68541pt x 20.0pt.
 [123

] (./pdbp.vrb)
File: png/PDBP.png Graphic file (type png)

<use png/PDBP.png>
Package pdftex.def Info: png/PDBP.png used on input line 688.
(pdftex.def)             Requested size: 14.68541pt x 20.0pt.
 [124

]
\openout4 = `pdbp.vrb'.

 (./pdbp.vrb)
File: png/PDBP.png Graphic file (type png)
 <use png/PDBP.png>
Package pdftex.def Info: png/PDBP.png used on input line 696.
(pdftex.def)             Requested size: 14.68541pt x 20.0pt.
 [125

] (./pdbp.vrb)
File: png/PDBP.png Graphic file (type png)

<use png/PDBP.png>
Package pdftex.def Info: png/PDBP.png used on input line 696.
(pdftex.def)             Requested size: 14.68541pt x 20.0pt.
 [126

] (./pdbp.vrb)
File: png/PDBP.png Graphic file (type png)
 <use png/PDBP.png>
Package pdftex.def Info: png/PDBP.png used on input line 696.
(pdftex.def)             Requested size: 14.68541pt x 20.0pt.
 [127

]
\openout4 = `pdbp.vrb'.

 (./pdbp.vrb)
File: png/PDBP.png Graphic file (type png)

<use png/PDBP.png>
Package pdftex.def Info: png/PDBP.png used on input line 700.
(pdftex.def)             Requested size: 14.68541pt x 20.0pt.
 [128

]
\openout4 = `pdbp.vrb'.

 (./pdbp.vrb)
File: png/PDBP.png Graphic file (type png)
 <use png/PDBP.png>
Package pdftex.def Info: png/PDBP.png used on input line 720.
(pdftex.def)             Requested size: 14.68541pt x 20.0pt.
 [129

] (./pdbp.vrb)
File: png/PDBP.png Graphic file (type png)

<use png/PDBP.png>
Package pdftex.def Info: png/PDBP.png used on input line 720.
(pdftex.def)             Requested size: 14.68541pt x 20.0pt.
 [130

]
\openout4 = `pdbp.vrb'.

 (./pdbp.vrb)
File: png/PDBP.png Graphic file (type png)
 <use png/PDBP.png>
Package pdftex.def Info: png/PDBP.png used on input line 740.
(pdftex.def)             Requested size: 14.68541pt x 20.0pt.
 [131

] (./pdbp.vrb)
File: png/PDBP.png Graphic file (type png)

<use png/PDBP.png>
Package pdftex.def Info: png/PDBP.png used on input line 740.
(pdftex.def)             Requested size: 14.68541pt x 20.0pt.
 [132

] (./pdbp.vrb)
File: png/PDBP.png Graphic file (type png)
 <use png/PDBP.png>
Package pdftex.def Info: png/PDBP.png used on input line 740.
(pdftex.def)             Requested size: 14.68541pt x 20.0pt.
 [133

] (./pdbp.vrb)
File: png/PDBP.png Graphic file (type png)

<use png/PDBP.png>
Package pdftex.def Info: png/PDBP.png used on input line 740.
(pdftex.def)             Requested size: 14.68541pt x 20.0pt.
 [134

]
\openout4 = `pdbp.vrb'.

 (./pdbp.vrb)
File: png/PDBP.png Graphic file (type png)
 <use png/PDBP.png>
Package pdftex.def Info: png/PDBP.png used on input line 754.
(pdftex.def)             Requested size: 14.68541pt x 20.0pt.
 [135

] (./pdbp.vrb)
File: png/PDBP.png Graphic file (type png)

<use png/PDBP.png>
Package pdftex.def Info: png/PDBP.png used on input line 754.
(pdftex.def)             Requested size: 14.68541pt x 20.0pt.
 [136

]
\openout4 = `pdbp.vrb'.

 (./pdbp.vrb)
File: png/PDBP.png Graphic file (type png)
 <use png/PDBP.png>
Package pdftex.def Info: png/PDBP.png used on input line 788.
(pdftex.def)             Requested size: 14.68541pt x 20.0pt.
 [137

] (./pdbp.vrb)
File: png/PDBP.png Graphic file (type png)

<use png/PDBP.png>
Package pdftex.def Info: png/PDBP.png used on input line 788.
(pdftex.def)             Requested size: 14.68541pt x 20.0pt.
 [138

] (./pdbp.vrb)
File: png/PDBP.png Graphic file (type png)
 <use png/PDBP.png>
Package pdftex.def Info: png/PDBP.png used on input line 788.
(pdftex.def)             Requested size: 14.68541pt x 20.0pt.
 [139

] (./pdbp.vrb)
File: png/PDBP.png Graphic file (type png)

<use png/PDBP.png>
Package pdftex.def Info: png/PDBP.png used on input line 788.
(pdftex.def)             Requested size: 14.68541pt x 20.0pt.
 [140

]
\openout4 = `pdbp.vrb'.

 (./pdbp.vrb)
File: png/PDBP.png Graphic file (type png)
 <use png/PDBP.png>
Package pdftex.def Info: png/PDBP.png used on input line 822.
(pdftex.def)             Requested size: 14.68541pt x 20.0pt.
 [141

] (./pdbp.vrb)
File: png/PDBP.png Graphic file (type png)

<use png/PDBP.png>
Package pdftex.def Info: png/PDBP.png used on input line 822.
(pdftex.def)             Requested size: 14.68541pt x 20.0pt.
 [142

] (./pdbp.vrb)
File: png/PDBP.png Graphic file (type png)
 <use png/PDBP.png>
Package pdftex.def Info: png/PDBP.png used on input line 822.
(pdftex.def)             Requested size: 14.68541pt x 20.0pt.
 [143

] (./pdbp.vrb)
File: png/PDBP.png Graphic file (type png)

<use png/PDBP.png>
Package pdftex.def Info: png/PDBP.png used on input line 822.
(pdftex.def)             Requested size: 14.68541pt x 20.0pt.
 [144

]
\openout4 = `pdbp.vrb'.

 (./pdbp.vrb)
File: png/PDBP.png Graphic file (type png)
 <use png/PDBP.png>
Package pdftex.def Info: png/PDBP.png used on input line 841.
(pdftex.def)             Requested size: 14.68541pt x 20.0pt.
 [145

]
\openout4 = `pdbp.vrb'.

 (./pdbp.vrb)
File: png/PDBP.png Graphic file (type png)

<use png/PDBP.png>
Package pdftex.def Info: png/PDBP.png used on input line 855.
(pdftex.def)             Requested size: 14.68541pt x 20.0pt.
 [146

] (./pdbp.vrb)
File: png/PDBP.png Graphic file (type png)
 <use png/PDBP.png>
Package pdftex.def Info: png/PDBP.png used on input line 855.
(pdftex.def)             Requested size: 14.68541pt x 20.0pt.
 [147

]
\openout4 = `pdbp.vrb'.

 (./pdbp.vrb)
File: png/PDBP.png Graphic file (type png)

<use png/PDBP.png>
Package pdftex.def Info: png/PDBP.png used on input line 878.
(pdftex.def)             Requested size: 14.68541pt x 20.0pt.
 [148

] (./pdbp.vrb)
File: png/PDBP.png Graphic file (type png)
 <use png/PDBP.png>
Package pdftex.def Info: png/PDBP.png used on input line 878.
(pdftex.def)             Requested size: 14.68541pt x 20.0pt.
 [149

] (./pdbp.vrb)
File: png/PDBP.png Graphic file (type png)

<use png/PDBP.png>
Package pdftex.def Info: png/PDBP.png used on input line 878.
(pdftex.def)             Requested size: 14.68541pt x 20.0pt.
 [150

]
\openout4 = `pdbp.vrb'.

 (./pdbp.vrb)
File: png/PDBP.png Graphic file (type png)
 <use png/PDBP.png>
Package pdftex.def Info: png/PDBP.png used on input line 906.
(pdftex.def)             Requested size: 14.68541pt x 20.0pt.
 [151

] (./pdbp.vrb)
File: png/PDBP.png Graphic file (type png)

<use png/PDBP.png>
Package pdftex.def Info: png/PDBP.png used on input line 906.
(pdftex.def)             Requested size: 14.68541pt x 20.0pt.
 [152

] (./pdbp.vrb)
File: png/PDBP.png Graphic file (type png)
 <use png/PDBP.png>
Package pdftex.def Info: png/PDBP.png used on input line 906.
(pdftex.def)             Requested size: 14.68541pt x 20.0pt.
 [153

]
\openout4 = `pdbp.vrb'.

 (./pdbp.vrb
Overfull \hbox (4.5565pt too wide) in paragraph at lines 20--20
[]  \OT1/cmtt/m/n/9 val multiplyFunction: (BigInt && BigInt) => BigInt = { (i, 
j) =>[] 
 []

)
Overfull \vbox (13.14081pt too high) detected at line 931
 []

File: png/PDBP.png Graphic file (type png)
<use png/PDBP.png>
Package pdftex.def Info: png/PDBP.png used on input line 931.
(pdftex.def)             Requested size: 14.68541pt x 20.0pt.
 [154

]
\openout4 = `pdbp.vrb'.

 (./pdbp.vrb)
File: png/PDBP.png Graphic file (type png)
 <use png/PDBP.png>
Package pdftex.def Info: png/PDBP.png used on input line 952.
(pdftex.def)             Requested size: 14.68541pt x 20.0pt.
 [155

]
\openout4 = `pdbp.vrb'.

 (./pdbp.vrb)
File: png/PDBP.png Graphic file (type png)

<use png/PDBP.png>
Package pdftex.def Info: png/PDBP.png used on input line 973.
(pdftex.def)             Requested size: 14.68541pt x 20.0pt.
 [156

]
\openout4 = `pdbp.vrb'.

 (./pdbp.vrb)
File: png/PDBP.png Graphic file (type png)
 <use png/PDBP.png>
Package pdftex.def Info: png/PDBP.png used on input line 994.
(pdftex.def)             Requested size: 14.68541pt x 20.0pt.
 [157

]
\openout4 = `pdbp.vrb'.

 (./pdbp.vrb)
File: png/PDBP.png Graphic file (type png)

<use png/PDBP.png>
Package pdftex.def Info: png/PDBP.png used on input line 1012.
(pdftex.def)             Requested size: 14.68541pt x 20.0pt.
 [158

]
\openout4 = `pdbp.vrb'.

 (./pdbp.vrb)
File: png/PDBP.png Graphic file (type png)
 <use png/PDBP.png>
Package pdftex.def Info: png/PDBP.png used on input line 1029.
(pdftex.def)             Requested size: 14.68541pt x 20.0pt.
 [159

]
\openout4 = `pdbp.vrb'.

 (./pdbp.vrb)
File: png/PDBP.png Graphic file (type png)

<use png/PDBP.png>
Package pdftex.def Info: png/PDBP.png used on input line 1052.
(pdftex.def)             Requested size: 14.68541pt x 20.0pt.
 [160

]
\openout4 = `pdbp.vrb'.

 (./pdbp.vrb)
File: png/PDBP.png Graphic file (type png)
 <use png/PDBP.png>
Package pdftex.def Info: png/PDBP.png used on input line 1066.
(pdftex.def)             Requested size: 14.68541pt x 20.0pt.
 [161

]
\openout4 = `pdbp.vrb'.

 (./pdbp.vrb)
File: png/PDBP.png Graphic file (type png)

<use png/PDBP.png>
Package pdftex.def Info: png/PDBP.png used on input line 1081.
(pdftex.def)             Requested size: 14.68541pt x 20.0pt.
 [162

]
\openout4 = `pdbp.vrb'.

 (./pdbp.vrb
Overfull \hbox (9.28145pt too wide) in paragraph at lines 19--19
[]    \OT1/cmtt/m/n/9 function[Y, Unit](effectfulWriteLineToConsoleFunction(mes
sage))[] 
 []


Overfull \hbox (14.0064pt too wide) in paragraph at lines 19--19
[]    \OT1/cmtt/m/n/9 effectfulReadIntFromConsoleWithMessage("please type an in
teger")[] 
 []

)
Overfull \vbox (3.39082pt too high) detected at line 1105
 []

File: png/PDBP.png Graphic file (type png)
<use png/PDBP.png>
Package pdftex.def Info: png/PDBP.png used on input line 1105.
(pdftex.def)             Requested size: 14.68541pt x 20.0pt.
 [163

]
\openout4 = `pdbp.vrb'.

 (./pdbp.vrb)
File: png/PDBP.png Graphic file (type png)
 <use png/PDBP.png>
Package pdftex.def Info: png/PDBP.png used on input line 1126.
(pdftex.def)             Requested size: 14.68541pt x 20.0pt.
 [164

]
\openout4 = `pdbp.vrb'.

 (./pdbp.vrb)
File: png/PDBP.png Graphic file (type png)

<use png/PDBP.png>
Package pdftex.def Info: png/PDBP.png used on input line 1147.
(pdftex.def)             Requested size: 14.68541pt x 20.0pt.
 [165

]
\openout4 = `pdbp.vrb'.

 (./pdbp.vrb)
File: png/PDBP.png Graphic file (type png)
 <use png/PDBP.png>
Package pdftex.def Info: png/PDBP.png used on input line 1159.
(pdftex.def)             Requested size: 14.68541pt x 20.0pt.
 [166

] (./pdbp.vrb)
File: png/PDBP.png Graphic file (type png)

<use png/PDBP.png>
Package pdftex.def Info: png/PDBP.png used on input line 1159.
(pdftex.def)             Requested size: 14.68541pt x 20.0pt.
 [167

] (./pdbp.vrb)
File: png/PDBP.png Graphic file (type png)
 <use png/PDBP.png>
Package pdftex.def Info: png/PDBP.png used on input line 1159.
(pdftex.def)             Requested size: 14.68541pt x 20.0pt.
 [168

] (./pdbp.vrb)
File: png/PDBP.png Graphic file (type png)

<use png/PDBP.png>
Package pdftex.def Info: png/PDBP.png used on input line 1159.
(pdftex.def)             Requested size: 14.68541pt x 20.0pt.
 [169

] (./pdbp.vrb)
File: png/PDBP.png Graphic file (type png)
 <use png/PDBP.png>
Package pdftex.def Info: png/PDBP.png used on input line 1159.
(pdftex.def)             Requested size: 14.68541pt x 20.0pt.
 [170

]
\openout4 = `pdbp.vrb'.

 (./pdbp.vrb)
File: png/PDBP.png Graphic file (type png)

<use png/PDBP.png>
Package pdftex.def Info: png/PDBP.png used on input line 1181.
(pdftex.def)             Requested size: 14.68541pt x 20.0pt.
 [171

] (./pdbp.vrb)
File: png/PDBP.png Graphic file (type png)
 <use png/PDBP.png>
Package pdftex.def Info: png/PDBP.png used on input line 1181.
(pdftex.def)             Requested size: 14.68541pt x 20.0pt.
 [172

]
\openout4 = `pdbp.vrb'.

 (./pdbp.vrb)
File: png/PDBP.png Graphic file (type png)

<use png/PDBP.png>
Package pdftex.def Info: png/PDBP.png used on input line 1202.
(pdftex.def)             Requested size: 14.68541pt x 20.0pt.
 [173

]
\openout4 = `pdbp.vrb'.

 (./pdbp.vrb)
File: png/PDBP.png Graphic file (type png)
 <use png/PDBP.png>
Package pdftex.def Info: png/PDBP.png used on input line 1224.
(pdftex.def)             Requested size: 14.68541pt x 20.0pt.
 [174

] (./pdbp.vrb)
File: png/PDBP.png Graphic file (type png)

<use png/PDBP.png>
Package pdftex.def Info: png/PDBP.png used on input line 1224.
(pdftex.def)             Requested size: 14.68541pt x 20.0pt.
 [175

]
\openout4 = `pdbp.vrb'.

 (./pdbp.vrb)
File: png/PDBP.png Graphic file (type png)
 <use png/PDBP.png>
Package pdftex.def Info: png/PDBP.png used on input line 1245.
(pdftex.def)             Requested size: 14.68541pt x 20.0pt.
 [176

]
\openout4 = `pdbp.vrb'.

 (./pdbp.vrb)
Overfull \vbox (10.34082pt too high) detected at line 1270
 []

File: png/PDBP.png Graphic file (type png)
<use png/PDBP.png>
Package pdftex.def Info: png/PDBP.png used on input line 1270.
(pdftex.def)             Requested size: 14.68541pt x 20.0pt.
 [177

]
\openout4 = `pdbp.vrb'.

 (./pdbp.vrb)
File: png/PDBP.png Graphic file (type png)
 <use png/PDBP.png>
Package pdftex.def Info: png/PDBP.png used on input line 1287.
(pdftex.def)             Requested size: 14.68541pt x 20.0pt.
 [178

]
\openout4 = `pdbp.vrb'.

 (./pdbp.vrb)
File: png/PDBP.png Graphic file (type png)

<use png/PDBP.png>
Package pdftex.def Info: png/PDBP.png used on input line 1305.
(pdftex.def)             Requested size: 14.68541pt x 20.0pt.
 [179

]
\openout4 = `pdbp.vrb'.

 (./pdbp.vrb)
Overfull \vbox (35.54082pt too high) detected at line 1332
 []

File: png/PDBP.png Graphic file (type png)
<use png/PDBP.png>
Package pdftex.def Info: png/PDBP.png used on input line 1332.
(pdftex.def)             Requested size: 14.68541pt x 20.0pt.
 [180

]
\openout4 = `pdbp.vrb'.

 (./pdbp.vrb)
File: png/PDBP.png Graphic file (type png)
 <use png/PDBP.png>
Package pdftex.def Info: png/PDBP.png used on input line 1349.
(pdftex.def)             Requested size: 14.68541pt x 20.0pt.
 [181

]
\openout4 = `pdbp.vrb'.

 (./pdbp.vrb)
File: png/PDBP.png Graphic file (type png)

<use png/PDBP.png>
Package pdftex.def Info: png/PDBP.png used on input line 1364.
(pdftex.def)             Requested size: 14.68541pt x 20.0pt.
 [182

]
\openout4 = `pdbp.vrb'.

 (./pdbp.vrb)
File: png/PDBP.png Graphic file (type png)
 <use png/PDBP.png>
Package pdftex.def Info: png/PDBP.png used on input line 1383.
(pdftex.def)             Requested size: 14.68541pt x 20.0pt.
 [183

]
\openout4 = `pdbp.vrb'.

 (./pdbp.vrb)
File: png/PDBP.png Graphic file (type png)

<use png/PDBP.png>
Package pdftex.def Info: png/PDBP.png used on input line 1404.
(pdftex.def)             Requested size: 14.68541pt x 20.0pt.
 [184

]
\openout4 = `pdbp.vrb'.

 (./pdbp.vrb)
File: png/PDBP.png Graphic file (type png)
 <use png/PDBP.png>
Package pdftex.def Info: png/PDBP.png used on input line 1425.
(pdftex.def)             Requested size: 14.68541pt x 20.0pt.
 [185

]
\openout4 = `pdbp.vrb'.

 (./pdbp.vrb)
File: png/PDBP.png Graphic file (type png)

<use png/PDBP.png>
Package pdftex.def Info: png/PDBP.png used on input line 1447.
(pdftex.def)             Requested size: 14.68541pt x 20.0pt.
 [186

]
\openout4 = `pdbp.vrb'.

 (./pdbp.vrb)
File: png/PDBP.png Graphic file (type png)
 <use png/PDBP.png>
Package pdftex.def Info: png/PDBP.png used on input line 1469.
(pdftex.def)             Requested size: 14.68541pt x 20.0pt.
 [187

]
\openout4 = `pdbp.vrb'.

 (./pdbp.vrb)
File: png/PDBP.png Graphic file (type png)

<use png/PDBP.png>
Package pdftex.def Info: png/PDBP.png used on input line 1484.
(pdftex.def)             Requested size: 14.68541pt x 20.0pt.
 [188

] (./pdbp.vrb)
File: png/PDBP.png Graphic file (type png)
 <use png/PDBP.png>
Package pdftex.def Info: png/PDBP.png used on input line 1484.
(pdftex.def)             Requested size: 14.68541pt x 20.0pt.
 [189

] (./pdbp.vrb)
File: png/PDBP.png Graphic file (type png)

<use png/PDBP.png>
Package pdftex.def Info: png/PDBP.png used on input line 1484.
(pdftex.def)             Requested size: 14.68541pt x 20.0pt.
 [190

]
\openout4 = `pdbp.vrb'.

 (./pdbp.vrb)
File: png/PDBP.png Graphic file (type png)
 <use png/PDBP.png>
Package pdftex.def Info: png/PDBP.png used on input line 1496.
(pdftex.def)             Requested size: 14.68541pt x 20.0pt.
 [191

]
\openout4 = `pdbp.vrb'.

 (./pdbp.vrb)
File: png/PDBP.png Graphic file (type png)

<use png/PDBP.png>
Package pdftex.def Info: png/PDBP.png used on input line 1519.
(pdftex.def)             Requested size: 14.68541pt x 20.0pt.
 [192

]
\openout4 = `pdbp.vrb'.

 (./pdbp.vrb)
File: png/PDBP.png Graphic file (type png)
 <use png/PDBP.png>
Package pdftex.def Info: png/PDBP.png used on input line 1536.
(pdftex.def)             Requested size: 14.68541pt x 20.0pt.
 [193

]
\openout4 = `pdbp.vrb'.

 (./pdbp.vrb)
File: png/PDBP.png Graphic file (type png)

<use png/PDBP.png>
Package pdftex.def Info: png/PDBP.png used on input line 1553.
(pdftex.def)             Requested size: 14.68541pt x 20.0pt.
 [194

]
\openout4 = `pdbp.vrb'.

 (./pdbp.vrb
Overfull \hbox (18.73134pt too wide) in paragraph at lines 15--15
[]      \OT1/cmtt/m/n/9 with ComputationTransformation[Active, ActiveReading[Bi
gInt]]()[] 
 []

)
File: png/PDBP.png Graphic file (type png)
 <use png/PDBP.png>
Package pdftex.def Info: png/PDBP.png used on input line 1573.
(pdftex.def)             Requested size: 14.68541pt x 20.0pt.
 [195

]
\openout4 = `pdbp.vrb'.

 (./pdbp.vrb)
File: png/PDBP.png Graphic file (type png)
 <use png/PDBP.png>
Package pdftex.def Info: png/PDBP.png used on input line 1592.
(pdftex.def)             Requested size: 14.68541pt x 20.0pt.
 [196

]
\openout4 = `pdbp.vrb'.

 (./pdbp.vrb)
File: png/PDBP.png Graphic file (type png)

<use png/PDBP.png>
Package pdftex.def Info: png/PDBP.png used on input line 1614.
(pdftex.def)             Requested size: 14.68541pt x 20.0pt.
 [197

]
\openout4 = `pdbp.vrb'.

 (./pdbp.vrb)
File: png/PDBP.png Graphic file (type png)
 <use png/PDBP.png>
Package pdftex.def Info: png/PDBP.png used on input line 1629.
(pdftex.def)             Requested size: 14.68541pt x 20.0pt.
 [198

]
\openout4 = `pdbp.vrb'.

 (./pdbp.vrb)
File: png/PDBP.png Graphic file (type png)

<use png/PDBP.png>
Package pdftex.def Info: png/PDBP.png used on input line 1648.
(pdftex.def)             Requested size: 14.68541pt x 20.0pt.
 [199

]
\openout4 = `pdbp.vrb'.

 (./pdbp.vrb)
File: png/PDBP.png Graphic file (type png)
 <use png/PDBP.png>
Package pdftex.def Info: png/PDBP.png used on input line 1672.
(pdftex.def)             Requested size: 14.68541pt x 20.0pt.
 [200

]
\openout4 = `pdbp.vrb'.

 (./pdbp.vrb)
File: png/PDBP.png Graphic file (type png)

<use png/PDBP.png>
Package pdftex.def Info: png/PDBP.png used on input line 1694.
(pdftex.def)             Requested size: 14.68541pt x 20.0pt.
 [201

]
\openout4 = `pdbp.vrb'.

 (./pdbp.vrb)
File: png/PDBP.png Graphic file (type png)
 <use png/PDBP.png>
Package pdftex.def Info: png/PDBP.png used on input line 1706.
(pdftex.def)             Requested size: 14.68541pt x 20.0pt.
 [202

]
\openout4 = `pdbp.vrb'.

 (./pdbp.vrb)
File: png/PDBP.png Graphic file (type png)

<use png/PDBP.png>
Package pdftex.def Info: png/PDBP.png used on input line 1728.
(pdftex.def)             Requested size: 14.68541pt x 20.0pt.
 [203

]
\openout4 = `pdbp.vrb'.

 (./pdbp.vrb)
File: png/PDBP.png Graphic file (type png)
 <use png/PDBP.png>
Package pdftex.def Info: png/PDBP.png used on input line 1751.
(pdftex.def)             Requested size: 14.68541pt x 20.0pt.
 [204

]
\openout4 = `pdbp.vrb'.

 (./pdbp.vrb)
Overfull \vbox (2.54082pt too high) detected at line 1775
 []

File: png/PDBP.png Graphic file (type png)
<use png/PDBP.png>
Package pdftex.def Info: png/PDBP.png used on input line 1775.
(pdftex.def)             Requested size: 14.68541pt x 20.0pt.
 [205

]
\openout4 = `pdbp.vrb'.

 (./pdbp.vrb)
Overfull \vbox (2.54082pt too high) detected at line 1799
 []

File: png/PDBP.png Graphic file (type png)
<use png/PDBP.png>
Package pdftex.def Info: png/PDBP.png used on input line 1799.
(pdftex.def)             Requested size: 14.68541pt x 20.0pt.
 [206

]
\openout4 = `pdbp.vrb'.

 (./pdbp.vrb)
Overfull \vbox (2.54082pt too high) detected at line 1823
 []

File: png/PDBP.png Graphic file (type png)
<use png/PDBP.png>
Package pdftex.def Info: png/PDBP.png used on input line 1823.
(pdftex.def)             Requested size: 14.68541pt x 20.0pt.
 [207

]
\openout4 = `pdbp.vrb'.

 (./pdbp.vrb)
Overfull \vbox (2.54082pt too high) detected at line 1847
 []

File: png/PDBP.png Graphic file (type png)
<use png/PDBP.png>
Package pdftex.def Info: png/PDBP.png used on input line 1847.
(pdftex.def)             Requested size: 14.68541pt x 20.0pt.
 [208

]
\openout4 = `pdbp.vrb'.

 (./pdbp.vrb)
Overfull \vbox (2.54082pt too high) detected at line 1871
 []

File: png/PDBP.png Graphic file (type png)
<use png/PDBP.png>
Package pdftex.def Info: png/PDBP.png used on input line 1871.
(pdftex.def)             Requested size: 14.68541pt x 20.0pt.
 [209

]
\openout4 = `pdbp.vrb'.

 (./pdbp.vrb)
Overfull \vbox (34.79083pt too high) detected at line 1898
 []

File: png/PDBP.png Graphic file (type png)
<use png/PDBP.png>
Package pdftex.def Info: png/PDBP.png used on input line 1898.
(pdftex.def)             Requested size: 14.68541pt x 20.0pt.
 [210

]
\openout4 = `pdbp.vrb'.

 (./pdbp.vrb)
Overfull \vbox (34.79083pt too high) detected at line 1925
 []

File: png/PDBP.png Graphic file (type png)
<use png/PDBP.png>
Package pdftex.def Info: png/PDBP.png used on input line 1925.
(pdftex.def)             Requested size: 14.68541pt x 20.0pt.
 [211

]
\openout4 = `pdbp.vrb'.

 (./pdbp.vrb)
Overfull \vbox (34.79083pt too high) detected at line 1952
 []

File: png/PDBP.png Graphic file (type png)
<use png/PDBP.png>
Package pdftex.def Info: png/PDBP.png used on input line 1952.
(pdftex.def)             Requested size: 14.68541pt x 20.0pt.
 [212

]
\openout4 = `pdbp.vrb'.

 (./pdbp.vrb)
Overfull \vbox (35.54082pt too high) detected at line 1979
 []

File: png/PDBP.png Graphic file (type png)
<use png/PDBP.png>
Package pdftex.def Info: png/PDBP.png used on input line 1979.
(pdftex.def)             Requested size: 14.68541pt x 20.0pt.
 [213

]
\openout4 = `pdbp.vrb'.

 (./pdbp.vrb)
File: png/PDBP.png Graphic file (type png)
 <use png/PDBP.png>
Package pdftex.def Info: png/PDBP.png used on input line 1992.
(pdftex.def)             Requested size: 14.68541pt x 20.0pt.
 [214

]
\openout4 = `pdbp.vrb'.

 (./pdbp.vrb)
File: png/PDBP.png Graphic file (type png)

<use png/PDBP.png>
Package pdftex.def Info: png/PDBP.png used on input line 2007.
(pdftex.def)             Requested size: 14.68541pt x 20.0pt.
 [215

]
\openout4 = `pdbp.vrb'.

 (./pdbp.vrb)
File: png/PDBP.png Graphic file (type png)
 <use png/PDBP.png>
Package pdftex.def Info: png/PDBP.png used on input line 2022.
(pdftex.def)             Requested size: 14.68541pt x 20.0pt.
 [216

]
\openout4 = `pdbp.vrb'.

 (./pdbp.vrb)
File: png/PDBP.png Graphic file (type png)

<use png/PDBP.png>
Package pdftex.def Info: png/PDBP.png used on input line 2034.
(pdftex.def)             Requested size: 14.68541pt x 20.0pt.
 [217

]
\openout4 = `pdbp.vrb'.

 (./pdbp.vrb)
File: png/PDBP.png Graphic file (type png)
 <use png/PDBP.png>
Package pdftex.def Info: png/PDBP.png used on input line 2056.
(pdftex.def)             Requested size: 14.68541pt x 20.0pt.
 [218

]
\openout4 = `pdbp.vrb'.

 (./pdbp.vrb)
File: png/PDBP.png Graphic file (type png)

<use png/PDBP.png>
Package pdftex.def Info: png/PDBP.png used on input line 2069.
(pdftex.def)             Requested size: 14.68541pt x 20.0pt.
 [219

]
\openout4 = `pdbp.vrb'.

 (./pdbp.vrb)
Overfull \vbox (21.34082pt too high) detected at line 2095
 []

File: png/PDBP.png Graphic file (type png)
<use png/PDBP.png>
Package pdftex.def Info: png/PDBP.png used on input line 2095.
(pdftex.def)             Requested size: 14.68541pt x 20.0pt.
 [220

]
\openout4 = `pdbp.vrb'.

 (./pdbp.vrb)
File: png/PDBP.png Graphic file (type png)
 <use png/PDBP.png>
Package pdftex.def Info: png/PDBP.png used on input line 2117.
(pdftex.def)             Requested size: 14.68541pt x 20.0pt.
 [221

]
\openout4 = `pdbp.vrb'.

 (./pdbp.vrb
Overfull \hbox (14.0064pt too wide) in paragraph at lines 18--18
[]      \OT1/cmtt/m/n/9 s"INFO -- $currentCalendarInMilliseconds -- $string($z)
 => $y"[] 
 []

)
File: png/PDBP.png Graphic file (type png)
 <use png/PDBP.png>
Package pdftex.def Info: png/PDBP.png used on input line 2140.
(pdftex.def)             Requested size: 14.68541pt x 20.0pt.
 [222

]
\openout4 = `pdbp.vrb'.

 (./pdbp.vrb
Overfull \hbox (14.0064pt too wide) in paragraph at lines 16--16
[]  \OT1/cmtt/m/n/9 val multiply: (String => W) `I=>` (BigInt && BigInt) >--> B
igInt =[] 
 []

)
File: png/PDBP.png Graphic file (type png)
 <use png/PDBP.png>
Package pdftex.def Info: png/PDBP.png used on input line 2161.
(pdftex.def)             Requested size: 14.68541pt x 20.0pt.
 [223

]
\openout4 = `pdbp.vrb'.

 (./pdbp.vrb)
File: png/PDBP.png Graphic file (type png)
 <use png/PDBP.png>
Package pdftex.def Info: png/PDBP.png used on input line 2184.
(pdftex.def)             Requested size: 14.68541pt x 20.0pt.
 [224

]
\openout4 = `pdbp.vrb'.

 (./pdbp.vrb)
Overfull \vbox (13.54082pt too high) detected at line 2209
 []

File: png/PDBP.png Graphic file (type png)
<use png/PDBP.png>
Package pdftex.def Info: png/PDBP.png used on input line 2209.
(pdftex.def)             Requested size: 14.68541pt x 20.0pt.
 [225

]
\openout4 = `pdbp.vrb'.

 (./pdbp.vrb)
File: png/PDBP.png Graphic file (type png)
 <use png/PDBP.png>
Package pdftex.def Info: png/PDBP.png used on input line 2231.
(pdftex.def)             Requested size: 14.68541pt x 20.0pt.
 [226

]
\openout4 = `pdbp.vrb'.

 (./pdbp.vrb
Overfull \hbox (4.5565pt too wide) in paragraph at lines 16--16
[]      \OT1/cmtt/m/n/9 extends ActiveReadingWithWritingProgram[BigInt, ToConso
le]()[] 
 []


Overfull \hbox (18.73134pt too wide) in paragraph at lines 16--16
[]      \OT1/cmtt/m/n/9 with Computation[ActiveReadingWithWriting[BigInt, ToCon
sole]]()[] 
 []

)
Overfull \hbox (11.33963pt too wide) in paragraph at lines 2252--2252
 \OT1/cmtt/m/n/14.4 activeIntReadingWithWritingToConsoleProgram[] 
 []

File: png/PDBP.png Graphic file (type png)
<use png/PDBP.png>
Package pdftex.def Info: png/PDBP.png used on input line 2252.
(pdftex.def)             Requested size: 14.68541pt x 20.0pt.
 [227

]
\openout4 = `pdbp.vrb'.

 (./pdbp.vrb)
File: png/PDBP.png Graphic file (type png)
 <use png/PDBP.png>
Package pdftex.def Info: png/PDBP.png used on input line 2274.
(pdftex.def)             Requested size: 14.68541pt x 20.0pt.
 [228

]
\openout4 = `pdbp.vrb'.

 (./pdbp.vrb)
File: png/PDBP.png Graphic file (type png)

<use png/PDBP.png>
Package pdftex.def Info: png/PDBP.png used on input line 2291.
(pdftex.def)             Requested size: 14.68541pt x 20.0pt.
 [229

]
\openout4 = `pdbp.vrb'.

 (./pdbp.vrb)
Overfull \vbox (53.54082pt too high) detected at line 2318
 []

File: png/PDBP.png Graphic file (type png)
<use png/PDBP.png>
Package pdftex.def Info: png/PDBP.png used on input line 2318.
(pdftex.def)             Requested size: 14.68541pt x 20.0pt.
 [230

]
\openout4 = `pdbp.vrb'.

 (./pdbp.vrb
Overfull \hbox (14.0064pt too wide) in paragraph at lines 21--21
[]      \OT1/cmtt/m/n/9 activeIntReadingMeaningOfActiveIntReadingWithWritingToC
onsole.[] 
 []

)
Overfull \vbox (42.54082pt too high) detected at line 2344
 []

File: png/PDBP.png Graphic file (type png)
<use png/PDBP.png>
Package pdftex.def Info: png/PDBP.png used on input line 2344.
(pdftex.def)             Requested size: 14.68541pt x 20.0pt.
 [231

]
\openout4 = `pdbp.vrb'.

 (./pdbp.vrb)
Overfull \vbox (12.39082pt too high) detected at line 2369
 []

File: png/PDBP.png Graphic file (type png)
<use png/PDBP.png>
Package pdftex.def Info: png/PDBP.png used on input line 2369.
(pdftex.def)             Requested size: 14.68541pt x 20.0pt.
 [232

]
\tf@nav=\write6
\openout6 = `pdbp.nav'.

\tf@toc=\write7
\openout7 = `pdbp.toc'.

\tf@snm=\write8
\openout8 = `pdbp.snm'.

Package atveryend Info: Empty hook `BeforeClearDocument' on input line 2371.
Package atveryend Info: Empty hook `AfterLastShipout' on input line 2371.
 (./pdbp.aux)
Package atveryend Info: Executing hook `AtVeryEndDocument' on input line 2371.
Package atveryend Info: Executing hook `AtEndAfterFileList' on input line 2371.

Package rerunfilecheck Info: File `pdbp.out' has not changed.
(rerunfilecheck)             Checksum: D41D8CD98F00B204E9800998ECF8427E;0.


LaTeX Font Warning: Size substitutions with differences
(Font)              up to 1.0pt have occurred.


LaTeX Font Warning: Some font shapes were not available, defaults substituted.

Package atveryend Info: Empty hook `AtVeryVeryEnd' on input line 2371.
 ) 
Here is how much of TeX's memory you used:
 17634 strings out of 494953
 326535 string characters out of 6180977
 386583 words of memory out of 5000000
 19615 multiletter control sequences out of 15000+600000
 9025 words of font info for 33 fonts, out of 8000000 for 9000
 14 hyphenation exceptions out of 8191
 48i,15n,58p,384b,715s stack positions out of 5000i,500n,10000p,200000b,80000s
</usr/share/texlive/texmf-dist/fonts/type1/public/amsfonts/cm/cmss10.pfb></us
r/share/texlive/texmf-dist/fonts/type1/public/amsfonts/cm/cmss12.pfb></usr/shar
e/texlive/texmf-dist/fonts/type1/public/amsfonts/cm/cmss17.pfb></usr/share/texl
ive/texmf-dist/fonts/type1/public/amsfonts/cm/cmssi10.pfb></usr/share/texlive/t
exmf-dist/fonts/type1/public/amsfonts/cm/cmssi12.pfb></usr/share/texlive/texmf-
dist/fonts/type1/public/amsfonts/cm/cmssi9.pfb></usr/share/texlive/texmf-dist/f
onts/type1/public/amsfonts/cm/cmsy10.pfb></usr/share/texlive/texmf-dist/fonts/t
ype1/public/amsfonts/cm/cmsy9.pfb></usr/share/texlive/texmf-dist/fonts/type1/pu
blic/amsfonts/cm/cmtt10.pfb></usr/share/texlive/texmf-dist/fonts/type1/public/a
msfonts/cm/cmtt12.pfb></usr/share/texlive/texmf-dist/fonts/type1/public/amsfont
s/cm/cmtt9.pfb>
Output written on pdbp.pdf (232 pages, 1552752 bytes).
PDF statistics:
 1381 PDF objects out of 1440 (max. 8388607)
 1113 compressed objects within 12 object streams
 465 named destinations out of 1000 (max. 500000)
 69 words of extra memory for PDF output out of 10000 (max. 10000000)

